2025-01-08T08:35:02.281+0100 INFO               [main]                         be.pxl.fullstackjava.ReviewTests - Starting ReviewTests using Java 21.0.1 with PID 9903 (started by efedogru in /Users/efedogru/Desktop/project-EfeDogruPXL/backend-java/review-service)
2025-01-08T08:35:02.285+0100 DEBUG              [main]                         be.pxl.fullstackjava.ReviewTests - Running with Spring Boot v3.3.5, Spring v6.1.14
2025-01-08T08:35:02.286+0100 INFO               [main]                         be.pxl.fullstackjava.ReviewTests - No active profile set, falling back to 1 default profile: "default"
2025-01-08T08:35:06.692+0100 INFO               [main]                         be.pxl.fullstackjava.ReviewTests - Started ReviewTests in 5.111 seconds (process running for 32.502)
2025-01-08T08:36:31.570+0100 INFO               [main]                         be.pxl.fullstackjava.ReviewTests - Starting ReviewTests using Java 21.0.1 with PID 11842 (started by efedogru in /Users/efedogru/Desktop/project-EfeDogruPXL/backend-java/review-service)
2025-01-08T08:36:31.571+0100 DEBUG              [main]                         be.pxl.fullstackjava.ReviewTests - Running with Spring Boot v3.3.5, Spring v6.1.14
2025-01-08T08:36:31.571+0100 INFO               [main]                         be.pxl.fullstackjava.ReviewTests - No active profile set, falling back to 1 default profile: "default"
2025-01-08T08:36:35.658+0100 INFO               [main]                         be.pxl.fullstackjava.ReviewTests - Started ReviewTests in 4.782 seconds (process running for 15.964)
2025-01-08T08:36:35.867+0100 INFO               [main]                         be.pxl.fullstackjava.service.ReviewService - Fetching review for postId=1
2025-01-08T08:36:35.913+0100 DEBUG              [main]                         be.pxl.fullstackjava.service.ReviewService - Review found for postId=1: Review(id=1, content=Great post!, author=Jane Doe, postId=1, createdAt=2025-01-08T08:36:35.808621, isApproved=true)
2025-01-08T08:36:35.952+0100 INFO               [main]                         be.pxl.fullstackjava.service.ReviewService - Sending notification for postId=1
2025-01-08T08:36:35.954+0100 INFO               [main]                         be.pxl.fullstackjava.service.ReviewService - Notification sent to author 'John Doe' for postId=1
2025-01-08T08:36:35.968+0100 INFO               [main]                         be.pxl.fullstackjava.service.ReviewService - Creating review for postId=1 by author=Jane Doe
2025-01-08T08:36:35.986+0100 INFO               [main]                         be.pxl.fullstackjava.service.ReviewService - Review saved successfully for postId=1
2025-01-08T08:36:35.987+0100 INFO               [main]                         be.pxl.fullstackjava.service.ReviewService - Review event sent to queue: ReviewEvent(postId=1, isApproved=true)
2025-01-08T08:36:35.987+0100 INFO               [main]                         be.pxl.fullstackjava.service.ReviewService - Sending notification for postId=1
2025-01-08T08:36:35.987+0100 INFO               [main]                         be.pxl.fullstackjava.service.ReviewService - Notification sent to author 'null' for postId=1
2025-01-08T08:36:36.011+0100 INFO               [main]                         be.pxl.fullstackjava.service.ReviewService - Sending notification for postId=1
2025-01-08T08:36:36.012+0100 INFO               [main]                         be.pxl.fullstackjava.service.ReviewService - Notification sent to author 'John Doe' for postId=1
2025-01-08T08:36:36.026+0100 INFO               [main]                         be.pxl.fullstackjava.service.ReviewService - Deleting review for postId=1
2025-01-08T08:36:36.046+0100 INFO               [main]                         be.pxl.fullstackjava.service.ReviewService - Review deleted successfully for postId=1
2025-01-08T08:36:36.290+0100 INFO               [main]                         be.pxl.fullstackjava.service.ReviewService - Deleting review for postId=1
2025-01-08T08:36:36.299+0100 INFO               [main]                         be.pxl.fullstackjava.service.ReviewService - Review deleted successfully for postId=1
2025-01-08T08:36:36.311+0100 INFO               [main]                         be.pxl.fullstackjava.service.ReviewService - Sending notification for postId=1
2025-01-08T08:36:36.311+0100 INFO               [main]                         be.pxl.fullstackjava.service.ReviewService - Notification sent to author 'John Doe' for postId=1
2025-01-08T08:36:36.317+0100 INFO               [main]                         be.pxl.fullstackjava.service.ReviewService - Deleting review for postId=1
2025-01-08T08:36:36.319+0100 WARN               [main]                         be.pxl.fullstackjava.service.ReviewService - No review found for postId=1
2025-01-08T08:36:36.381+0100 INFO               [main]                         be.pxl.fullstackjava.controller.ReviewController - Review found for postId=1, returning response
2025-01-08T08:36:36.381+0100 INFO               [main]                         be.pxl.fullstackjava.service.ReviewService - Fetching review for postId=1
2025-01-08T08:36:36.385+0100 DEBUG              [main]                         be.pxl.fullstackjava.service.ReviewService - Review found for postId=1: Review(id=5, content=Great post!, author=Jane Doe, postId=1, createdAt=2025-01-08T08:36:36.344177, isApproved=true)
2025-01-08T08:36:36.442+0100 INFO               [main]                         be.pxl.fullstackjava.service.ReviewService - Creating review for postId=1 by author=Jane Doe
2025-01-08T08:36:36.450+0100 INFO               [main]                         be.pxl.fullstackjava.service.ReviewService - Review saved successfully for postId=1
2025-01-08T08:36:36.451+0100 INFO               [main]                         be.pxl.fullstackjava.service.ReviewService - Review event sent to queue: ReviewEvent(postId=1, isApproved=true)
2025-01-08T08:36:36.451+0100 INFO               [main]                         be.pxl.fullstackjava.service.ReviewService - Sending notification for postId=1
2025-01-08T08:36:36.451+0100 INFO               [main]                         be.pxl.fullstackjava.service.ReviewService - Notification sent to author 'null' for postId=1
2025-01-08T08:36:36.451+0100 INFO               [main]                         be.pxl.fullstackjava.controller.ReviewController - Review created successfully for postId=1
2025-01-08T08:36:36.472+0100 INFO               [main]                         be.pxl.fullstackjava.service.ReviewService - Creating review for postId=1 by author=Jane Doe
2025-01-08T08:36:36.475+0100 WARN               [main]                         be.pxl.fullstackjava.service.ReviewService - Review already exists for postId=1
2025-01-08T08:36:36.475+0100 INFO               [main]                         be.pxl.fullstackjava.service.ReviewService - Deleting review for postId=1
2025-01-08T08:36:36.484+0100 INFO               [main]                         be.pxl.fullstackjava.service.ReviewService - Review deleted successfully for postId=1
2025-01-08T08:36:36.491+0100 INFO               [main]                         be.pxl.fullstackjava.service.ReviewService - Review saved successfully for postId=1
2025-01-08T08:36:36.492+0100 INFO               [main]                         be.pxl.fullstackjava.service.ReviewService - Review event sent to queue: ReviewEvent(postId=1, isApproved=true)
2025-01-08T08:36:36.492+0100 INFO               [main]                         be.pxl.fullstackjava.service.ReviewService - Sending notification for postId=1
2025-01-08T08:36:36.492+0100 INFO               [main]                         be.pxl.fullstackjava.service.ReviewService - Notification sent to author 'null' for postId=1
2025-01-08T08:36:36.511+0100 INFO               [main]                         be.pxl.fullstackjava.service.ReviewService - Creating review for postId=1 by author=Jane Doe
2025-01-08T08:36:36.519+0100 INFO               [main]                         be.pxl.fullstackjava.service.ReviewService - Fetching review for postId=1
2025-01-08T08:36:36.520+0100 WARN               [main]                         be.pxl.fullstackjava.service.ReviewService - No review found for postId=1
