2025-01-15T02:00:48.901+0100 INFO               [main]                         be.pxl.fullstackjava.PostTests - Starting PostTests using Java 21.0.1 with PID 91169 (started by efedogru in /Users/efedogru/Desktop/project-EfeDogruPXL/backend-java/post-service)
2025-01-15T02:00:48.904+0100 DEBUG              [main]                         be.pxl.fullstackjava.PostTests - Running with Spring Boot v3.3.5, Spring v6.1.14
2025-01-15T02:00:48.905+0100 INFO               [main]                         be.pxl.fullstackjava.PostTests - No active profile set, falling back to 1 default profile: "default"
2025-01-15T02:00:52.255+0100 INFO               [main]                         be.pxl.fullstackjava.PostTests - Started PostTests in 4.018 seconds (process running for 15.572)
2025-01-15T02:00:52.856+0100 INFO               [main]                         be.pxl.fullstackjava.service.PostService - Fetching post with ID=1
2025-01-15T02:00:52.994+0100 INFO               [main]                         be.pxl.fullstackjava.service.PostService - Fetching all rejected posts
2025-01-15T02:00:53.025+0100 INFO               [main]                         be.pxl.fullstackjava.service.PostService - Fetching all rejected posts
2025-01-15T02:00:53.057+0100 INFO               [main]                         be.pxl.fullstackjava.service.PostService - Fetching all approved and pending posts
2025-01-15T02:00:53.096+0100 INFO               [main]                         be.pxl.fullstackjava.service.PostService - Fetching all approved and pending posts
2025-01-15T02:00:53.109+0100 INFO               [main]                         be.pxl.fullstackjava.service.PostService - Saving notification for author 'Jane Doe': This is a notification message.
2025-01-15T02:00:53.120+0100 INFO               [main]                         be.pxl.fullstackjava.service.PostService - Notification saved successfully for author 'Jane Doe'
2025-01-15T02:00:53.377+0100 INFO               [main]                         be.pxl.fullstackjava.service.PostService - Fetching all drafted posts
2025-01-15T02:09:21.842+0100 INFO               [main]                         be.pxl.fullstackjava.PostTests - Starting PostTests using Java 21.0.1 with PID 99440 (started by efedogru in /Users/efedogru/Desktop/project-EfeDogruPXL/backend-java/post-service)
2025-01-15T02:09:21.843+0100 DEBUG              [main]                         be.pxl.fullstackjava.PostTests - Running with Spring Boot v3.3.5, Spring v6.1.14
2025-01-15T02:09:21.843+0100 INFO               [main]                         be.pxl.fullstackjava.PostTests - No active profile set, falling back to 1 default profile: "default"
2025-01-15T02:09:25.199+0100 INFO               [main]                         be.pxl.fullstackjava.PostTests - Started PostTests in 4.689 seconds (process running for 17.299)
2025-01-15T02:09:25.748+0100 INFO               [main]                         be.pxl.fullstackjava.service.PostService - Fetching post with ID=1
2025-01-15T02:09:25.874+0100 INFO               [main]                         be.pxl.fullstackjava.service.PostService - Fetching all rejected posts
2025-01-15T02:09:25.911+0100 INFO               [main]                         be.pxl.fullstackjava.service.PostService - Fetching all rejected posts
2025-01-15T02:09:25.944+0100 INFO               [main]                         be.pxl.fullstackjava.service.PostService - Fetching all approved and pending posts
2025-01-15T02:09:25.999+0100 INFO               [main]                         be.pxl.fullstackjava.service.PostService - Fetching all approved and pending posts
2025-01-15T02:09:26.016+0100 INFO               [main]                         be.pxl.fullstackjava.service.PostService - Saving notification for author 'Jane Doe': This is a notification message.
2025-01-15T02:09:26.030+0100 INFO               [main]                         be.pxl.fullstackjava.service.PostService - Notification saved successfully for author 'Jane Doe'
2025-01-15T02:09:26.276+0100 INFO               [main]                         be.pxl.fullstackjava.service.PostService - Fetching all drafted posts
2025-01-15T02:21:51.362+0100 INFO               [main]                         be.pxl.fullstackjava.PostTests - Starting PostTests using Java 21.0.1 with PID 12101 (started by efedogru in /Users/efedogru/Desktop/project-EfeDogruPXL/backend-java/post-service)
2025-01-15T02:21:51.363+0100 DEBUG              [main]                         be.pxl.fullstackjava.PostTests - Running with Spring Boot v3.3.5, Spring v6.1.14
2025-01-15T02:21:51.364+0100 INFO               [main]                         be.pxl.fullstackjava.PostTests - No active profile set, falling back to 1 default profile: "default"
2025-01-15T02:21:54.540+0100 INFO               [main]                         be.pxl.fullstackjava.PostTests - Started PostTests in 3.852 seconds (process running for 16.187)
2025-01-15T02:21:55.105+0100 INFO               [main]                         be.pxl.fullstackjava.service.PostService - Fetching post with ID=1
2025-01-15T02:21:55.237+0100 INFO               [main]                         be.pxl.fullstackjava.service.PostService - Fetching all rejected posts
2025-01-15T02:21:55.271+0100 INFO               [main]                         be.pxl.fullstackjava.service.PostService - Fetching all rejected posts
2025-01-15T02:21:55.299+0100 INFO               [main]                         be.pxl.fullstackjava.service.PostService - Fetching all approved and pending posts
2025-01-15T02:21:55.335+0100 INFO               [main]                         be.pxl.fullstackjava.service.PostService - Fetching all approved and pending posts
2025-01-15T02:21:55.349+0100 INFO               [main]                         be.pxl.fullstackjava.service.PostService - Saving notification for author 'Jane Doe': This is a notification message.
2025-01-15T02:21:55.359+0100 INFO               [main]                         be.pxl.fullstackjava.service.PostService - Notification saved successfully for author 'Jane Doe'
2025-01-15T02:21:55.601+0100 INFO               [main]                         be.pxl.fullstackjava.service.PostService - Fetching all drafted posts
