2024-12-27T18:46:06.359+0100 INFO               [main]                         be.pxl.fullstackjava.ReviewServiceApplication - Starting ReviewServiceApplication using Java 21.0.1 with PID 45294 (/Users/efedogru/Desktop/project-EfeDogruPXL/backend-java/review-service/target/classes started by efedogru in /Users/efedogru/Desktop/project-EfeDogruPXL/backend-java)
2024-12-27T18:46:06.362+0100 DEBUG              [main]                         be.pxl.fullstackjava.ReviewServiceApplication - Running with Spring Boot v3.3.5, Spring v6.1.14
2024-12-27T18:46:06.362+0100 INFO               [main]                         be.pxl.fullstackjava.ReviewServiceApplication - No active profile set, falling back to 1 default profile: "default"
2024-12-27T18:46:08.185+0100 INFO               [main]                         be.pxl.fullstackjava.ReviewServiceApplication - Started ReviewServiceApplication in 2.188 seconds (process running for 2.539)
2024-12-27T18:46:52.861+0100 INFO               [http-nio-8082-exec-1]         be.pxl.fullstackjava.service.ReviewService - Creating review for postId=53 by author=Dries
2024-12-27T18:46:53.023+0100 INFO               [http-nio-8082-exec-1]         be.pxl.fullstackjava.service.ReviewService - Review saved successfully for postId=53
2024-12-27T18:46:53.068+0100 INFO               [http-nio-8082-exec-1]         be.pxl.fullstackjava.service.ReviewService - Review event sent to queue: ReviewEvent(postId=53, isApproved=true)
2024-12-27T18:46:53.068+0100 INFO               [http-nio-8082-exec-1]         be.pxl.fullstackjava.service.ReviewService - Sending notification for postId=53
2024-12-27T18:46:53.099+0100 INFO               [http-nio-8082-exec-1]         be.pxl.fullstackjava.service.ReviewService - Notification sent to author 'Efe' for postId=53
2024-12-27T18:46:53.099+0100 INFO               [http-nio-8082-exec-1]         be.pxl.fullstackjava.controller.ReviewController - Review created successfully for postId=53
2024-12-27T18:47:28.599+0100 INFO               [http-nio-8082-exec-2]         be.pxl.fullstackjava.service.ReviewService - Creating review for postId=54 by author=Efe
2024-12-27T18:47:28.628+0100 INFO               [http-nio-8082-exec-2]         be.pxl.fullstackjava.service.ReviewService - Review saved successfully for postId=54
2024-12-27T18:47:28.630+0100 INFO               [http-nio-8082-exec-2]         be.pxl.fullstackjava.service.ReviewService - Review event sent to queue: ReviewEvent(postId=54, isApproved=false)
2024-12-27T18:47:28.630+0100 INFO               [http-nio-8082-exec-2]         be.pxl.fullstackjava.service.ReviewService - Sending notification for postId=54
2024-12-27T18:47:28.656+0100 INFO               [http-nio-8082-exec-2]         be.pxl.fullstackjava.service.ReviewService - Notification sent to author 'Dries' for postId=54
2024-12-27T18:47:28.656+0100 INFO               [http-nio-8082-exec-2]         be.pxl.fullstackjava.controller.ReviewController - Review created successfully for postId=54
2024-12-27T18:47:30.098+0100 INFO               [http-nio-8082-exec-3]         be.pxl.fullstackjava.controller.ReviewController - Review found for postId=54, returning response
2024-12-27T18:47:30.098+0100 INFO               [http-nio-8082-exec-3]         be.pxl.fullstackjava.service.ReviewService - Fetching review for postId=54
2024-12-27T18:47:30.105+0100 DEBUG              [http-nio-8082-exec-3]         be.pxl.fullstackjava.service.ReviewService - Review found for postId=54: Review(id=53, content=test, author=Efe, postId=54, createdAt=2024-12-27T18:47:28.619402, isApproved=false)
2024-12-27T18:47:35.721+0100 INFO               [http-nio-8082-exec-4]         be.pxl.fullstackjava.controller.ReviewController - Review found for postId=54, returning response
2024-12-27T18:47:35.721+0100 INFO               [http-nio-8082-exec-4]         be.pxl.fullstackjava.service.ReviewService - Fetching review for postId=54
2024-12-27T18:47:35.726+0100 DEBUG              [http-nio-8082-exec-4]         be.pxl.fullstackjava.service.ReviewService - Review found for postId=54: Review(id=53, content=test, author=Efe, postId=54, createdAt=2024-12-27T18:47:28.619402, isApproved=false)
2024-12-27T18:47:43.121+0100 INFO               [http-nio-8082-exec-5]         be.pxl.fullstackjava.controller.ReviewController - Review found for postId=54, returning response
2024-12-27T18:47:43.122+0100 INFO               [http-nio-8082-exec-5]         be.pxl.fullstackjava.service.ReviewService - Fetching review for postId=54
2024-12-27T18:47:43.128+0100 DEBUG              [http-nio-8082-exec-5]         be.pxl.fullstackjava.service.ReviewService - Review found for postId=54: Review(id=53, content=test, author=Efe, postId=54, createdAt=2024-12-27T18:47:28.619402, isApproved=false)
2024-12-27T18:47:43.686+0100 INFO               [http-nio-8082-exec-6]         be.pxl.fullstackjava.controller.ReviewController - Review found for postId=54, returning response
2024-12-27T18:47:43.687+0100 INFO               [http-nio-8082-exec-6]         be.pxl.fullstackjava.service.ReviewService - Fetching review for postId=54
2024-12-27T18:47:43.692+0100 DEBUG              [http-nio-8082-exec-6]         be.pxl.fullstackjava.service.ReviewService - Review found for postId=54: Review(id=53, content=test, author=Efe, postId=54, createdAt=2024-12-27T18:47:28.619402, isApproved=false)
