2024-12-18T23:33:55.932+0100 INFO               [main]                         be.pxl.fullstackjava.ReviewServiceApplication - Starting ReviewServiceApplication using Java 21.0.1 with PID 35513 (/Users/efedogru/Desktop/project-EfeDogruPXL/backend-java/review-service/target/classes started by efedogru in /Users/efedogru/Desktop/project-EfeDogruPXL/backend-java)
2024-12-18T23:33:55.933+0100 DEBUG              [main]                         be.pxl.fullstackjava.ReviewServiceApplication - Running with Spring Boot v3.3.5, Spring v6.1.14
2024-12-18T23:33:55.933+0100 INFO               [main]                         be.pxl.fullstackjava.ReviewServiceApplication - No active profile set, falling back to 1 default profile: "default"
2024-12-18T23:33:57.842+0100 INFO               [main]                         be.pxl.fullstackjava.ReviewServiceApplication - Started ReviewServiceApplication in 2.285 seconds (process running for 2.59)
2024-12-18T23:37:30.317+0100 INFO               [http-nio-8082-exec-2]         be.pxl.fullstackjava.service.ReviewService - Creating review for postId=102 by author=Dries
2024-12-18T23:37:30.385+0100 INFO               [http-nio-8082-exec-2]         be.pxl.fullstackjava.service.ReviewService - Review saved successfully for postId=102
2024-12-18T23:37:30.447+0100 INFO               [http-nio-8082-exec-2]         be.pxl.fullstackjava.service.ReviewService - Review event sent to queue: ReviewEvent(postId=102, isApproved=true)
2024-12-18T23:37:30.447+0100 INFO               [http-nio-8082-exec-2]         be.pxl.fullstackjava.controller.ReviewController - Review created successfully for postId=102
2024-12-18T23:37:46.032+0100 INFO               [http-nio-8082-exec-4]         be.pxl.fullstackjava.service.ReviewService - Creating review for postId=103 by author=Efe
2024-12-18T23:37:46.052+0100 INFO               [http-nio-8082-exec-4]         be.pxl.fullstackjava.service.ReviewService - Review saved successfully for postId=103
2024-12-18T23:37:46.054+0100 INFO               [http-nio-8082-exec-4]         be.pxl.fullstackjava.service.ReviewService - Review event sent to queue: ReviewEvent(postId=103, isApproved=false)
2024-12-18T23:37:46.054+0100 INFO               [http-nio-8082-exec-4]         be.pxl.fullstackjava.controller.ReviewController - Review created successfully for postId=103
2024-12-18T23:37:47.544+0100 INFO               [http-nio-8082-exec-8]         be.pxl.fullstackjava.controller.ReviewController - Review found for postId=54, returning response
2024-12-18T23:37:47.545+0100 INFO               [http-nio-8082-exec-8]         be.pxl.fullstackjava.service.ReviewService - Fetching review for postId=54
2024-12-18T23:37:47.546+0100 INFO               [http-nio-8082-exec-7]         be.pxl.fullstackjava.controller.ReviewController - Review found for postId=53, returning response
2024-12-18T23:37:47.546+0100 INFO               [http-nio-8082-exec-7]         be.pxl.fullstackjava.service.ReviewService - Fetching review for postId=53
2024-12-18T23:37:47.544+0100 INFO               [http-nio-8082-exec-5]         be.pxl.fullstackjava.controller.ReviewController - Review found for postId=2, returning response
2024-12-18T23:37:47.547+0100 INFO               [http-nio-8082-exec-5]         be.pxl.fullstackjava.service.ReviewService - Fetching review for postId=2
2024-12-18T23:37:47.548+0100 INFO               [http-nio-8082-exec-9]         be.pxl.fullstackjava.controller.ReviewController - Review found for postId=55, returning response
2024-12-18T23:37:47.548+0100 INFO               [http-nio-8082-exec-9]         be.pxl.fullstackjava.service.ReviewService - Fetching review for postId=55
2024-12-18T23:37:47.546+0100 INFO               [http-nio-8082-exec-6]         be.pxl.fullstackjava.controller.ReviewController - Review found for postId=52, returning response
2024-12-18T23:37:47.549+0100 INFO               [http-nio-8082-exec-6]         be.pxl.fullstackjava.service.ReviewService - Fetching review for postId=52
2024-12-18T23:37:47.550+0100 INFO               [http-nio-8082-exec-10]        be.pxl.fullstackjava.controller.ReviewController - Review found for postId=103, returning response
2024-12-18T23:37:47.550+0100 INFO               [http-nio-8082-exec-10]        be.pxl.fullstackjava.service.ReviewService - Fetching review for postId=103
2024-12-18T23:37:47.631+0100 DEBUG              [http-nio-8082-exec-5]         be.pxl.fullstackjava.service.ReviewService - Review found for postId=2: Review(id=3, content=bad, author=Efe, postId=2, createdAt=2024-12-13T15:08:57.962993, isApproved=false)
2024-12-18T23:37:47.631+0100 DEBUG              [http-nio-8082-exec-8]         be.pxl.fullstackjava.service.ReviewService - Review found for postId=54: Review(id=54, content=bad, author=Dries, postId=54, createdAt=2024-12-16T11:47:59.657701, isApproved=false)
2024-12-18T23:37:47.631+0100 DEBUG              [http-nio-8082-exec-9]         be.pxl.fullstackjava.service.ReviewService - Review found for postId=55: Review(id=55, content=bad, author=Efe, postId=55, createdAt=2024-12-16T11:51:33.224484, isApproved=false)
2024-12-18T23:37:47.631+0100 DEBUG              [http-nio-8082-exec-10]        be.pxl.fullstackjava.service.ReviewService - Review found for postId=103: Review(id=103, content=bad, author=Efe, postId=103, createdAt=2024-12-18T23:37:46.034913, isApproved=false)
2024-12-18T23:37:47.631+0100 DEBUG              [http-nio-8082-exec-7]         be.pxl.fullstackjava.service.ReviewService - Review found for postId=53: Review(id=53, content=good, author=Efe, postId=53, createdAt=2024-12-16T11:39:42.766736, isApproved=false)
2024-12-18T23:37:47.631+0100 DEBUG              [http-nio-8082-exec-6]         be.pxl.fullstackjava.service.ReviewService - Review found for postId=52: Review(id=52, content=bad, author=Dries, postId=52, createdAt=2024-12-16T11:11:26.296474, isApproved=false)
2024-12-18T23:37:51.506+0100 INFO               [http-nio-8082-exec-10]        be.pxl.fullstackjava.controller.ReviewController - Review found for postId=54, returning response
2024-12-18T23:37:51.510+0100 INFO               [http-nio-8082-exec-10]        be.pxl.fullstackjava.service.ReviewService - Fetching review for postId=54
2024-12-18T23:37:51.521+0100 DEBUG              [http-nio-8082-exec-10]        be.pxl.fullstackjava.service.ReviewService - Review found for postId=54: Review(id=54, content=bad, author=Dries, postId=54, createdAt=2024-12-16T11:47:59.657701, isApproved=false)
2024-12-18T23:37:54.526+0100 INFO               [http-nio-8082-exec-9]         be.pxl.fullstackjava.controller.ReviewController - Review found for postId=2, returning response
2024-12-18T23:37:54.527+0100 INFO               [http-nio-8082-exec-9]         be.pxl.fullstackjava.service.ReviewService - Fetching review for postId=2
2024-12-18T23:37:54.529+0100 INFO               [http-nio-8082-exec-7]         be.pxl.fullstackjava.controller.ReviewController - Review found for postId=53, returning response
2024-12-18T23:37:54.530+0100 INFO               [http-nio-8082-exec-7]         be.pxl.fullstackjava.service.ReviewService - Fetching review for postId=53
2024-12-18T23:37:54.529+0100 INFO               [http-nio-8082-exec-3]         be.pxl.fullstackjava.controller.ReviewController - Review found for postId=55, returning response
2024-12-18T23:37:54.530+0100 INFO               [http-nio-8082-exec-3]         be.pxl.fullstackjava.service.ReviewService - Fetching review for postId=55
2024-12-18T23:37:54.530+0100 INFO               [http-nio-8082-exec-5]         be.pxl.fullstackjava.controller.ReviewController - Review found for postId=52, returning response
2024-12-18T23:37:54.530+0100 INFO               [http-nio-8082-exec-5]         be.pxl.fullstackjava.service.ReviewService - Fetching review for postId=52
2024-12-18T23:37:54.531+0100 INFO               [http-nio-8082-exec-1]         be.pxl.fullstackjava.controller.ReviewController - Review found for postId=54, returning response
2024-12-18T23:37:54.531+0100 INFO               [http-nio-8082-exec-1]         be.pxl.fullstackjava.service.ReviewService - Fetching review for postId=54
2024-12-18T23:37:54.532+0100 INFO               [http-nio-8082-exec-2]         be.pxl.fullstackjava.controller.ReviewController - Review found for postId=103, returning response
2024-12-18T23:37:54.532+0100 INFO               [http-nio-8082-exec-2]         be.pxl.fullstackjava.service.ReviewService - Fetching review for postId=103
2024-12-18T23:37:54.533+0100 DEBUG              [http-nio-8082-exec-9]         be.pxl.fullstackjava.service.ReviewService - Review found for postId=2: Review(id=3, content=bad, author=Efe, postId=2, createdAt=2024-12-13T15:08:57.962993, isApproved=false)
2024-12-18T23:37:54.536+0100 DEBUG              [http-nio-8082-exec-7]         be.pxl.fullstackjava.service.ReviewService - Review found for postId=53: Review(id=53, content=good, author=Efe, postId=53, createdAt=2024-12-16T11:39:42.766736, isApproved=false)
2024-12-18T23:37:54.536+0100 DEBUG              [http-nio-8082-exec-3]         be.pxl.fullstackjava.service.ReviewService - Review found for postId=55: Review(id=55, content=bad, author=Efe, postId=55, createdAt=2024-12-16T11:51:33.224484, isApproved=false)
2024-12-18T23:37:54.536+0100 DEBUG              [http-nio-8082-exec-1]         be.pxl.fullstackjava.service.ReviewService - Review found for postId=54: Review(id=54, content=bad, author=Dries, postId=54, createdAt=2024-12-16T11:47:59.657701, isApproved=false)
2024-12-18T23:37:54.540+0100 DEBUG              [http-nio-8082-exec-2]         be.pxl.fullstackjava.service.ReviewService - Review found for postId=103: Review(id=103, content=bad, author=Efe, postId=103, createdAt=2024-12-18T23:37:46.034913, isApproved=false)
2024-12-18T23:37:54.540+0100 DEBUG              [http-nio-8082-exec-5]         be.pxl.fullstackjava.service.ReviewService - Review found for postId=52: Review(id=52, content=bad, author=Dries, postId=52, createdAt=2024-12-16T11:11:26.296474, isApproved=false)
2024-12-18T23:38:22.930+0100 INFO               [http-nio-8082-exec-4]         be.pxl.fullstackjava.controller.ReviewController - Review found for postId=2, returning response
2024-12-18T23:38:22.931+0100 INFO               [http-nio-8082-exec-4]         be.pxl.fullstackjava.service.ReviewService - Fetching review for postId=2
2024-12-18T23:38:22.932+0100 INFO               [http-nio-8082-exec-10]        be.pxl.fullstackjava.controller.ReviewController - Review found for postId=103, returning response
2024-12-18T23:38:22.932+0100 INFO               [http-nio-8082-exec-10]        be.pxl.fullstackjava.service.ReviewService - Fetching review for postId=103
2024-12-18T23:38:22.932+0100 INFO               [http-nio-8082-exec-9]         be.pxl.fullstackjava.controller.ReviewController - Review found for postId=55, returning response
2024-12-18T23:38:22.932+0100 INFO               [http-nio-8082-exec-9]         be.pxl.fullstackjava.service.ReviewService - Fetching review for postId=55
2024-12-18T23:38:22.931+0100 INFO               [http-nio-8082-exec-6]         be.pxl.fullstackjava.controller.ReviewController - Review found for postId=53, returning response
2024-12-18T23:38:22.933+0100 INFO               [http-nio-8082-exec-6]         be.pxl.fullstackjava.service.ReviewService - Fetching review for postId=53
2024-12-18T23:38:22.930+0100 INFO               [http-nio-8082-exec-8]         be.pxl.fullstackjava.controller.ReviewController - Review found for postId=52, returning response
2024-12-18T23:38:22.933+0100 INFO               [http-nio-8082-exec-8]         be.pxl.fullstackjava.service.ReviewService - Fetching review for postId=52
2024-12-18T23:38:22.932+0100 INFO               [http-nio-8082-exec-7]         be.pxl.fullstackjava.controller.ReviewController - Review found for postId=54, returning response
2024-12-18T23:38:22.934+0100 INFO               [http-nio-8082-exec-7]         be.pxl.fullstackjava.service.ReviewService - Fetching review for postId=54
2024-12-18T23:38:22.937+0100 DEBUG              [http-nio-8082-exec-4]         be.pxl.fullstackjava.service.ReviewService - Review found for postId=2: Review(id=3, content=bad, author=Efe, postId=2, createdAt=2024-12-13T15:08:57.962993, isApproved=false)
2024-12-18T23:38:22.937+0100 DEBUG              [http-nio-8082-exec-9]         be.pxl.fullstackjava.service.ReviewService - Review found for postId=55: Review(id=55, content=bad, author=Efe, postId=55, createdAt=2024-12-16T11:51:33.224484, isApproved=false)
2024-12-18T23:38:22.938+0100 DEBUG              [http-nio-8082-exec-10]        be.pxl.fullstackjava.service.ReviewService - Review found for postId=103: Review(id=103, content=bad, author=Efe, postId=103, createdAt=2024-12-18T23:37:46.034913, isApproved=false)
2024-12-18T23:38:22.939+0100 DEBUG              [http-nio-8082-exec-6]         be.pxl.fullstackjava.service.ReviewService - Review found for postId=53: Review(id=53, content=good, author=Efe, postId=53, createdAt=2024-12-16T11:39:42.766736, isApproved=false)
2024-12-18T23:38:22.942+0100 DEBUG              [http-nio-8082-exec-8]         be.pxl.fullstackjava.service.ReviewService - Review found for postId=52: Review(id=52, content=bad, author=Dries, postId=52, createdAt=2024-12-16T11:11:26.296474, isApproved=false)
2024-12-18T23:38:22.944+0100 DEBUG              [http-nio-8082-exec-7]         be.pxl.fullstackjava.service.ReviewService - Review found for postId=54: Review(id=54, content=bad, author=Dries, postId=54, createdAt=2024-12-16T11:47:59.657701, isApproved=false)
