2024-12-26T12:53:46.647+0100 INFO               [main]                         be.pxl.fullstackjava.PostServiceApplication - Starting PostServiceApplication using Java 21.0.1 with PID 2218 (/Users/efedogru/Desktop/project-EfeDogruPXL/backend-java/post-service/target/classes started by efedogru in /Users/efedogru/Desktop/project-EfeDogruPXL/backend-java)
2024-12-26T12:53:46.650+0100 DEBUG              [main]                         be.pxl.fullstackjava.PostServiceApplication - Running with Spring Boot v3.3.5, Spring v6.1.14
2024-12-26T12:53:46.650+0100 INFO               [main]                         be.pxl.fullstackjava.PostServiceApplication - No active profile set, falling back to 1 default profile: "default"
2024-12-26T12:53:48.589+0100 INFO               [main]                         be.pxl.fullstackjava.PostServiceApplication - Started PostServiceApplication in 2.3 seconds (process running for 2.569)
2024-12-26T12:54:40.857+0100 INFO               [http-nio-8081-exec-1]         be.pxl.fullstackjava.service.PostService - Fetching all approved and pending posts
2024-12-26T12:55:26.729+0100 INFO               [http-nio-8081-exec-3]         be.pxl.fullstackjava.service.PostService - Fetching all approved and pending posts
2024-12-26T12:55:28.010+0100 INFO               [http-nio-8081-exec-2]         be.pxl.fullstackjava.service.PostService - Fetching all approved and pending posts
2024-12-26T12:55:29.653+0100 INFO               [http-nio-8081-exec-4]         be.pxl.fullstackjava.service.PostService - Fetching all approved and pending posts
2024-12-26T12:55:30.209+0100 INFO               [http-nio-8081-exec-5]         be.pxl.fullstackjava.service.PostService - Fetching all approved and pending posts
2024-12-26T12:56:31.996+0100 INFO               [http-nio-8081-exec-7]         be.pxl.fullstackjava.service.PostService - Fetching all approved and pending posts
2024-12-26T12:56:35.194+0100 INFO               [http-nio-8081-exec-8]         be.pxl.fullstackjava.service.PostService - Fetching all approved and pending posts
2024-12-26T12:56:36.729+0100 INFO               [http-nio-8081-exec-9]         be.pxl.fullstackjava.service.PostService - Fetching all approved and pending posts
2024-12-26T12:56:36.947+0100 INFO               [http-nio-8081-exec-10]        be.pxl.fullstackjava.service.PostService - Fetching all approved and pending posts
2024-12-26T12:56:37.160+0100 INFO               [http-nio-8081-exec-1]         be.pxl.fullstackjava.service.PostService - Fetching all approved and pending posts
2024-12-26T12:56:37.391+0100 INFO               [http-nio-8081-exec-3]         be.pxl.fullstackjava.service.PostService - Fetching all approved and pending posts
2024-12-26T12:58:13.343+0100 INFO               [http-nio-8081-exec-4]         be.pxl.fullstackjava.service.PostService - Fetching all approved and pending posts
2024-12-26T12:58:13.490+0100 INFO               [http-nio-8081-exec-5]         be.pxl.fullstackjava.service.PostService - Fetching all approved and pending posts
2024-12-26T12:58:13.736+0100 INFO               [http-nio-8081-exec-6]         be.pxl.fullstackjava.service.PostService - Fetching all approved and pending posts
2024-12-26T12:58:13.959+0100 INFO               [http-nio-8081-exec-7]         be.pxl.fullstackjava.service.PostService - Fetching all approved and pending posts
2024-12-26T12:58:31.851+0100 INFO               [http-nio-8081-exec-8]         be.pxl.fullstackjava.service.PostService - Fetching all approved and pending posts
2024-12-26T12:58:34.690+0100 INFO               [http-nio-8081-exec-9]         be.pxl.fullstackjava.service.PostService - Fetching all approved and pending posts
2024-12-26T12:58:34.978+0100 INFO               [http-nio-8081-exec-10]        be.pxl.fullstackjava.service.PostService - Fetching all approved and pending posts
2024-12-26T12:58:37.394+0100 INFO               [http-nio-8081-exec-1]         be.pxl.fullstackjava.service.PostService - Fetching post with ID=1
2024-12-26T12:58:37.865+0100 INFO               [http-nio-8081-exec-3]         be.pxl.fullstackjava.service.PostService - Fetching post with ID=2
2024-12-26T12:58:38.328+0100 INFO               [http-nio-8081-exec-2]         be.pxl.fullstackjava.service.PostService - Fetching post with ID=102
2024-12-26T12:58:39.088+0100 INFO               [http-nio-8081-exec-4]         be.pxl.fullstackjava.service.PostService - Fetching post with ID=1
2024-12-26T12:58:39.828+0100 INFO               [http-nio-8081-exec-5]         be.pxl.fullstackjava.service.PostService - Fetching post with ID=1
2024-12-26T12:58:46.558+0100 INFO               [http-nio-8081-exec-6]         be.pxl.fullstackjava.service.PostService - Post created successfully with ID=152
2024-12-26T12:58:47.816+0100 INFO               [http-nio-8081-exec-7]         be.pxl.fullstackjava.service.PostService - Fetching all approved and pending posts
2024-12-26T12:58:49.219+0100 INFO               [http-nio-8081-exec-8]         be.pxl.fullstackjava.service.PostService - Fetching all drafted posts
2024-12-26T12:58:50.711+0100 INFO               [http-nio-8081-exec-9]         be.pxl.fullstackjava.service.PostService - Fetching post with ID=152
2024-12-26T12:58:50.774+0100 INFO               [http-nio-8081-exec-10]        be.pxl.fullstackjava.service.PostService - Fetching post with ID=152
2024-12-26T12:58:52.928+0100 INFO               [http-nio-8081-exec-1]         be.pxl.fullstackjava.service.PostService - Updating post with ID=152
2024-12-26T12:58:52.955+0100 INFO               [http-nio-8081-exec-1]         be.pxl.fullstackjava.service.PostService - Post with ID=152 updated successfully
2024-12-26T12:58:54.745+0100 INFO               [http-nio-8081-exec-3]         be.pxl.fullstackjava.service.PostService - Fetching all approved and pending posts
2024-12-26T12:58:59.198+0100 INFO               [http-nio-8081-exec-2]         be.pxl.fullstackjava.service.PostService - Fetching post with ID=152
2024-12-26T12:58:59.256+0100 INFO               [http-nio-8081-exec-4]         be.pxl.fullstackjava.service.PostService - Fetching post with ID=152
2024-12-26T12:59:00.604+0100 INFO               [http-nio-8081-exec-5]         be.pxl.fullstackjava.service.PostService - Fetching all approved and pending posts
2024-12-26T12:59:04.558+0100 INFO               [http-nio-8081-exec-6]         be.pxl.fullstackjava.service.PostService - Fetching all approved and pending posts
2024-12-26T12:59:09.609+0100 INFO               [org.springframework.amqp.rabbit.RabbitListenerEndpointContainer#0-1] be.pxl.fullstackjava.service.PostService - Received review event for postId=152 with approval=false
2024-12-26T12:59:09.613+0100 INFO               [org.springframework.amqp.rabbit.RabbitListenerEndpointContainer#0-1] be.pxl.fullstackjava.service.PostService - Post with ID=152 marked as REJECTED
2024-12-26T12:59:09.614+0100 INFO               [http-nio-8081-exec-9]         be.pxl.fullstackjava.service.PostService - Saving notification for author 'Efe': Your post with ID 152 has been rejected.
2024-12-26T12:59:09.620+0100 INFO               [org.springframework.amqp.rabbit.RabbitListenerEndpointContainer#0-1] be.pxl.fullstackjava.service.PostService - Post with ID=152 updated successfully after review event
2024-12-26T12:59:09.632+0100 INFO               [http-nio-8081-exec-9]         be.pxl.fullstackjava.service.PostService - Notification saved successfully for author 'Efe'
2024-12-26T12:59:09.715+0100 INFO               [http-nio-8081-exec-10]        be.pxl.fullstackjava.service.PostService - Fetching all approved and pending posts
2024-12-26T12:59:13.732+0100 INFO               [http-nio-8081-exec-1]         be.pxl.fullstackjava.service.PostService - Fetching all approved and pending posts
2024-12-26T12:59:15.017+0100 INFO               [http-nio-8081-exec-3]         be.pxl.fullstackjava.service.PostService - Fetching notifications for author 'Efe'
2024-12-26T12:59:18.661+0100 INFO               [http-nio-8081-exec-2]         be.pxl.fullstackjava.service.PostService - Fetching all rejected posts
2024-12-26T12:59:21.345+0100 INFO               [http-nio-8081-exec-4]         be.pxl.fullstackjava.service.PostService - Fetching notifications for author 'Efe'
2024-12-26T12:59:25.229+0100 INFO               [http-nio-8081-exec-5]         be.pxl.fullstackjava.service.PostService - Fetching all approved and pending posts
2024-12-26T12:59:26.995+0100 INFO               [http-nio-8081-exec-6]         be.pxl.fullstackjava.service.PostService - Fetching all rejected posts
2024-12-26T12:59:27.655+0100 INFO               [http-nio-8081-exec-7]         be.pxl.fullstackjava.service.PostService - Fetching post with ID=152
2024-12-26T12:59:30.993+0100 INFO               [http-nio-8081-exec-8]         be.pxl.fullstackjava.service.PostService - Updating post with ID=152
2024-12-26T12:59:31.014+0100 INFO               [http-nio-8081-exec-8]         be.pxl.fullstackjava.service.PostService - Post with ID=152 updated successfully
2024-12-26T12:59:32.680+0100 INFO               [http-nio-8081-exec-9]         be.pxl.fullstackjava.service.PostService - Fetching all approved and pending posts
2024-12-26T12:59:35.970+0100 INFO               [http-nio-8081-exec-10]        be.pxl.fullstackjava.service.PostService - Fetching all approved and pending posts
2024-12-26T12:59:39.702+0100 INFO               [org.springframework.amqp.rabbit.RabbitListenerEndpointContainer#0-1] be.pxl.fullstackjava.service.PostService - Received review event for postId=152 with approval=false
2024-12-26T12:59:39.706+0100 INFO               [org.springframework.amqp.rabbit.RabbitListenerEndpointContainer#0-1] be.pxl.fullstackjava.service.PostService - Post with ID=152 marked as REJECTED
2024-12-26T12:59:39.711+0100 INFO               [http-nio-8081-exec-2]         be.pxl.fullstackjava.service.PostService - Saving notification for author 'Efe': Your post with ID 152 has been rejected.
2024-12-26T12:59:39.713+0100 INFO               [org.springframework.amqp.rabbit.RabbitListenerEndpointContainer#0-1] be.pxl.fullstackjava.service.PostService - Post with ID=152 updated successfully after review event
2024-12-26T12:59:39.715+0100 INFO               [http-nio-8081-exec-2]         be.pxl.fullstackjava.service.PostService - Notification saved successfully for author 'Efe'
2024-12-26T12:59:39.793+0100 INFO               [http-nio-8081-exec-4]         be.pxl.fullstackjava.service.PostService - Fetching all approved and pending posts
2024-12-26T12:59:41.521+0100 INFO               [http-nio-8081-exec-5]         be.pxl.fullstackjava.service.PostService - Fetching all rejected posts
2024-12-26T12:59:46.039+0100 INFO               [http-nio-8081-exec-6]         be.pxl.fullstackjava.service.PostService - Fetching all approved and pending posts
2024-12-26T12:59:47.508+0100 INFO               [http-nio-8081-exec-7]         be.pxl.fullstackjava.service.PostService - Fetching all rejected posts
2024-12-26T12:59:49.000+0100 INFO               [http-nio-8081-exec-8]         be.pxl.fullstackjava.service.PostService - Fetching notifications for author 'Efe'
2024-12-26T12:59:52.712+0100 INFO               [http-nio-8081-exec-9]         be.pxl.fullstackjava.service.PostService - Fetching post with ID=152
2024-12-26T12:59:55.202+0100 INFO               [http-nio-8081-exec-10]        be.pxl.fullstackjava.service.PostService - Updating post with ID=152
2024-12-26T12:59:55.220+0100 INFO               [http-nio-8081-exec-10]        be.pxl.fullstackjava.service.PostService - Post with ID=152 updated successfully
2024-12-26T12:59:57.347+0100 INFO               [http-nio-8081-exec-1]         be.pxl.fullstackjava.service.PostService - Fetching all approved and pending posts
2024-12-26T13:00:03.564+0100 INFO               [http-nio-8081-exec-3]         be.pxl.fullstackjava.service.PostService - Fetching all approved and pending posts
2024-12-26T13:00:07.328+0100 INFO               [http-nio-8081-exec-2]         be.pxl.fullstackjava.service.PostService - Fetching all approved and pending posts
2024-12-26T13:00:08.530+0100 INFO               [org.springframework.amqp.rabbit.RabbitListenerEndpointContainer#0-1] be.pxl.fullstackjava.service.PostService - Received review event for postId=152 with approval=true
2024-12-26T13:00:08.538+0100 INFO               [org.springframework.amqp.rabbit.RabbitListenerEndpointContainer#0-1] be.pxl.fullstackjava.service.PostService - Post with ID=152 marked as APPROVED
2024-12-26T13:00:08.547+0100 INFO               [http-nio-8081-exec-6]         be.pxl.fullstackjava.service.PostService - Saving notification for author 'Efe': Your post with ID 152 has been approved.
2024-12-26T13:00:08.551+0100 INFO               [org.springframework.amqp.rabbit.RabbitListenerEndpointContainer#0-1] be.pxl.fullstackjava.service.PostService - Post with ID=152 updated successfully after review event
2024-12-26T13:00:08.555+0100 INFO               [http-nio-8081-exec-6]         be.pxl.fullstackjava.service.PostService - Notification saved successfully for author 'Efe'
2024-12-26T13:00:08.643+0100 INFO               [http-nio-8081-exec-7]         be.pxl.fullstackjava.service.PostService - Fetching all approved and pending posts
2024-12-26T13:00:13.750+0100 INFO               [http-nio-8081-exec-8]         be.pxl.fullstackjava.service.PostService - Post created successfully with ID=153
2024-12-26T13:00:14.658+0100 INFO               [http-nio-8081-exec-9]         be.pxl.fullstackjava.service.PostService - Fetching all approved and pending posts
2024-12-26T13:00:18.180+0100 INFO               [http-nio-8081-exec-10]        be.pxl.fullstackjava.service.PostService - Fetching all approved and pending posts
2024-12-26T13:00:19.151+0100 INFO               [http-nio-8081-exec-1]         be.pxl.fullstackjava.service.PostService - Fetching notifications for author 'Efe'
2024-12-26T13:00:20.777+0100 INFO               [http-nio-8081-exec-3]         be.pxl.fullstackjava.service.PostService - Fetching post with ID=2
2024-12-26T13:00:21.942+0100 INFO               [org.springframework.amqp.rabbit.RabbitListenerEndpointContainer#0-1] be.pxl.fullstackjava.service.PostService - Received review event for postId=153 with approval=true
2024-12-26T13:00:21.948+0100 INFO               [org.springframework.amqp.rabbit.RabbitListenerEndpointContainer#0-1] be.pxl.fullstackjava.service.PostService - Post with ID=153 marked as APPROVED
2024-12-26T13:00:21.955+0100 INFO               [http-nio-8081-exec-5]         be.pxl.fullstackjava.service.PostService - Saving notification for author 'Dries': Your post with ID 153 has been approved.
2024-12-26T13:00:21.959+0100 INFO               [org.springframework.amqp.rabbit.RabbitListenerEndpointContainer#0-1] be.pxl.fullstackjava.service.PostService - Post with ID=153 updated successfully after review event
2024-12-26T13:00:21.961+0100 INFO               [http-nio-8081-exec-5]         be.pxl.fullstackjava.service.PostService - Notification saved successfully for author 'Dries'
2024-12-26T13:00:22.043+0100 INFO               [http-nio-8081-exec-6]         be.pxl.fullstackjava.service.PostService - Fetching all approved and pending posts
2024-12-26T13:00:25.488+0100 INFO               [http-nio-8081-exec-7]         be.pxl.fullstackjava.service.PostService - Fetching all rejected posts
2024-12-26T13:00:50.202+0100 INFO               [http-nio-8081-exec-8]         be.pxl.fullstackjava.service.PostService - Fetching all rejected posts
2024-12-26T13:00:53.498+0100 INFO               [http-nio-8081-exec-9]         be.pxl.fullstackjava.service.PostService - Fetching all drafted posts
2024-12-26T13:00:54.442+0100 INFO               [http-nio-8081-exec-10]        be.pxl.fullstackjava.service.PostService - Fetching all rejected posts
2024-12-26T13:00:54.741+0100 INFO               [http-nio-8081-exec-1]         be.pxl.fullstackjava.service.PostService - Fetching all rejected posts
2024-12-26T13:00:54.945+0100 INFO               [http-nio-8081-exec-3]         be.pxl.fullstackjava.service.PostService - Fetching all rejected posts
2024-12-26T13:00:55.156+0100 INFO               [http-nio-8081-exec-2]         be.pxl.fullstackjava.service.PostService - Fetching all rejected posts
2024-12-26T13:00:55.395+0100 INFO               [http-nio-8081-exec-4]         be.pxl.fullstackjava.service.PostService - Fetching all rejected posts
2024-12-26T13:01:53.079+0100 INFO               [http-nio-8081-exec-6]         be.pxl.fullstackjava.service.PostService - Fetching all rejected posts
2024-12-26T13:01:53.548+0100 INFO               [http-nio-8081-exec-7]         be.pxl.fullstackjava.service.PostService - Fetching all rejected posts
2024-12-26T13:02:01.919+0100 INFO               [http-nio-8081-exec-8]         be.pxl.fullstackjava.service.PostService - Fetching all rejected posts
2024-12-26T13:02:06.797+0100 INFO               [http-nio-8081-exec-9]         be.pxl.fullstackjava.service.PostService - Fetching all rejected posts
2024-12-26T13:02:11.042+0100 INFO               [http-nio-8081-exec-10]        be.pxl.fullstackjava.service.PostService - Fetching all rejected posts
2024-12-26T13:02:14.161+0100 INFO               [http-nio-8081-exec-1]         be.pxl.fullstackjava.service.PostService - Fetching notifications for author 'Efe'
2024-12-26T13:02:36.291+0100 INFO               [http-nio-8081-exec-3]         be.pxl.fullstackjava.service.PostService - Fetching all approved and pending posts
2024-12-26T13:02:37.194+0100 INFO               [http-nio-8081-exec-2]         be.pxl.fullstackjava.service.PostService - Fetching all rejected posts
2024-12-26T13:02:38.799+0100 INFO               [http-nio-8081-exec-4]         be.pxl.fullstackjava.service.PostService - Fetching notifications for author 'Dries'
2024-12-26T13:02:41.696+0100 INFO               [http-nio-8081-exec-5]         be.pxl.fullstackjava.service.PostService - Fetching post with ID=3
2024-12-26T13:02:45.719+0100 INFO               [http-nio-8081-exec-6]         be.pxl.fullstackjava.service.PostService - Updating post with ID=3
2024-12-26T13:02:45.745+0100 INFO               [http-nio-8081-exec-6]         be.pxl.fullstackjava.service.PostService - Post with ID=3 updated successfully
2024-12-26T13:02:47.732+0100 INFO               [http-nio-8081-exec-7]         be.pxl.fullstackjava.service.PostService - Fetching all approved and pending posts
2024-12-26T13:03:01.212+0100 INFO               [http-nio-8081-exec-8]         be.pxl.fullstackjava.service.PostService - Fetching all approved and pending posts
2024-12-26T13:03:02.777+0100 INFO               [org.springframework.amqp.rabbit.RabbitListenerEndpointContainer#0-1] be.pxl.fullstackjava.service.PostService - Received review event for postId=3 with approval=true
2024-12-26T13:03:02.781+0100 INFO               [org.springframework.amqp.rabbit.RabbitListenerEndpointContainer#0-1] be.pxl.fullstackjava.service.PostService - Post with ID=3 marked as APPROVED
2024-12-26T13:03:02.786+0100 INFO               [http-nio-8081-exec-1]         be.pxl.fullstackjava.service.PostService - Saving notification for author 'Dries': Your post with ID 3 has been approved.
2024-12-26T13:03:02.789+0100 INFO               [org.springframework.amqp.rabbit.RabbitListenerEndpointContainer#0-1] be.pxl.fullstackjava.service.PostService - Post with ID=3 updated successfully after review event
2024-12-26T13:03:02.792+0100 INFO               [http-nio-8081-exec-1]         be.pxl.fullstackjava.service.PostService - Notification saved successfully for author 'Dries'
2024-12-26T13:03:02.874+0100 INFO               [http-nio-8081-exec-3]         be.pxl.fullstackjava.service.PostService - Fetching all approved and pending posts
2024-12-26T13:03:07.108+0100 INFO               [http-nio-8081-exec-2]         be.pxl.fullstackjava.service.PostService - Fetching all approved posts
2024-12-26T13:03:09.708+0100 INFO               [http-nio-8081-exec-4]         be.pxl.fullstackjava.service.PostService - Fetching post with ID=153
2024-12-26T13:03:10.839+0100 INFO               [http-nio-8081-exec-5]         be.pxl.fullstackjava.service.PostService - Fetching all approved posts
2024-12-26T13:03:24.095+0100 INFO               [http-nio-8081-exec-6]         be.pxl.fullstackjava.service.PostService - Fetching all approved and pending posts
2024-12-26T13:03:25.349+0100 INFO               [http-nio-8081-exec-7]         be.pxl.fullstackjava.service.PostService - Fetching notifications for author 'Efe'
2024-12-26T13:05:42.746+0100 INFO               [http-nio-8081-exec-10]        be.pxl.fullstackjava.service.PostService - Fetching all approved and pending posts
2024-12-26T13:07:35.447+0100 INFO               [main]                         be.pxl.fullstackjava.PostServiceApplication - Starting PostServiceApplication using Java 21.0.1 with PID 15677 (/Users/efedogru/Desktop/project-EfeDogruPXL/backend-java/post-service/target/classes started by efedogru in /Users/efedogru/Desktop/project-EfeDogruPXL/backend-java)
2024-12-26T13:07:35.448+0100 DEBUG              [main]                         be.pxl.fullstackjava.PostServiceApplication - Running with Spring Boot v3.3.5, Spring v6.1.14
2024-12-26T13:07:35.448+0100 INFO               [main]                         be.pxl.fullstackjava.PostServiceApplication - No active profile set, falling back to 1 default profile: "default"
2024-12-26T13:07:37.611+0100 INFO               [main]                         be.pxl.fullstackjava.PostServiceApplication - Started PostServiceApplication in 2.652 seconds (process running for 3.014)
2024-12-26T13:09:30.854+0100 INFO               [http-nio-8081-exec-1]         be.pxl.fullstackjava.service.PostService - Fetching all approved and pending posts
2024-12-26T13:09:34.748+0100 INFO               [http-nio-8081-exec-2]         be.pxl.fullstackjava.service.PostService - Fetching all approved and pending posts
2024-12-26T13:09:35.758+0100 INFO               [http-nio-8081-exec-3]         be.pxl.fullstackjava.service.PostService - Fetching notifications for author 'Efe'
2024-12-26T13:12:58.047+0100 INFO               [main]                         be.pxl.fullstackjava.PostServiceApplication - Starting PostServiceApplication using Java 21.0.1 with PID 21056 (/Users/efedogru/Desktop/project-EfeDogruPXL/backend-java/post-service/target/classes started by efedogru in /Users/efedogru/Desktop/project-EfeDogruPXL/backend-java)
2024-12-26T13:12:58.049+0100 DEBUG              [main]                         be.pxl.fullstackjava.PostServiceApplication - Running with Spring Boot v3.3.5, Spring v6.1.14
2024-12-26T13:12:58.050+0100 INFO               [main]                         be.pxl.fullstackjava.PostServiceApplication - No active profile set, falling back to 1 default profile: "default"
2024-12-26T13:13:00.047+0100 INFO               [main]                         be.pxl.fullstackjava.PostServiceApplication - Started PostServiceApplication in 2.361 seconds (process running for 2.634)
2024-12-26T13:13:35.932+0100 INFO               [http-nio-8081-exec-1]         be.pxl.fullstackjava.service.PostService - Fetching all approved and pending posts
2024-12-26T13:13:47.654+0100 INFO               [http-nio-8081-exec-2]         be.pxl.fullstackjava.service.PostService - Post created successfully with ID=1
2024-12-26T13:13:48.649+0100 INFO               [http-nio-8081-exec-3]         be.pxl.fullstackjava.service.PostService - Fetching all approved and pending posts
2024-12-26T13:14:14.186+0100 INFO               [http-nio-8081-exec-4]         be.pxl.fullstackjava.service.PostService - Post created successfully with ID=2
2024-12-26T13:14:15.240+0100 INFO               [http-nio-8081-exec-5]         be.pxl.fullstackjava.service.PostService - Fetching all approved and pending posts
2024-12-26T13:14:21.052+0100 INFO               [http-nio-8081-exec-6]         be.pxl.fullstackjava.service.PostService - Fetching all approved and pending posts
2024-12-26T13:14:25.371+0100 INFO               [http-nio-8081-exec-7]         be.pxl.fullstackjava.service.PostService - Fetching all approved and pending posts
2024-12-26T13:14:27.533+0100 INFO               [org.springframework.amqp.rabbit.RabbitListenerEndpointContainer#0-1] be.pxl.fullstackjava.service.PostService - Received review event for postId=1 with approval=true
2024-12-26T13:14:27.537+0100 INFO               [org.springframework.amqp.rabbit.RabbitListenerEndpointContainer#0-1] be.pxl.fullstackjava.service.PostService - Post with ID=1 marked as APPROVED
2024-12-26T13:14:27.538+0100 INFO               [http-nio-8081-exec-10]        be.pxl.fullstackjava.service.PostService - Saving notification for author 'Dries': Your post with ID 1 has been approved.
2024-12-26T13:14:27.548+0100 INFO               [org.springframework.amqp.rabbit.RabbitListenerEndpointContainer#0-1] be.pxl.fullstackjava.service.PostService - Post with ID=1 updated successfully after review event
2024-12-26T13:14:27.554+0100 INFO               [http-nio-8081-exec-10]        be.pxl.fullstackjava.service.PostService - Notification saved successfully for author 'Dries'
2024-12-26T13:14:27.633+0100 INFO               [http-nio-8081-exec-1]         be.pxl.fullstackjava.service.PostService - Fetching all approved and pending posts
2024-12-26T13:14:28.312+0100 INFO               [org.springframework.amqp.rabbit.RabbitListenerEndpointContainer#0-1] be.pxl.fullstackjava.service.PostService - Received review event for postId=2 with approval=true
2024-12-26T13:14:28.321+0100 INFO               [org.springframework.amqp.rabbit.RabbitListenerEndpointContainer#0-1] be.pxl.fullstackjava.service.PostService - Post with ID=2 marked as APPROVED
2024-12-26T13:14:28.330+0100 INFO               [http-nio-8081-exec-4]         be.pxl.fullstackjava.service.PostService - Saving notification for author 'Dries': Your post with ID 2 has been approved.
2024-12-26T13:14:28.335+0100 INFO               [org.springframework.amqp.rabbit.RabbitListenerEndpointContainer#0-1] be.pxl.fullstackjava.service.PostService - Post with ID=2 updated successfully after review event
2024-12-26T13:14:28.343+0100 INFO               [http-nio-8081-exec-4]         be.pxl.fullstackjava.service.PostService - Notification saved successfully for author 'Dries'
2024-12-26T13:14:28.431+0100 INFO               [http-nio-8081-exec-5]         be.pxl.fullstackjava.service.PostService - Fetching all approved and pending posts
2024-12-26T13:14:38.249+0100 INFO               [http-nio-8081-exec-6]         be.pxl.fullstackjava.service.PostService - Fetching all approved and pending posts
2024-12-26T13:14:39.087+0100 INFO               [http-nio-8081-exec-7]         be.pxl.fullstackjava.service.PostService - Fetching notifications for author 'Dries'
