2024-12-22T13:39:29.078+0100 INFO               [main]                         be.pxl.fullstackjava.PostServiceApplication - Starting PostServiceApplication using Java 21.0.1 with PID 95187 (/Users/efedogru/Desktop/project-EfeDogruPXL/backend-java/post-service/target/classes started by efedogru in /Users/efedogru/Desktop/project-EfeDogruPXL/backend-java)
2024-12-22T13:39:29.082+0100 DEBUG              [main]                         be.pxl.fullstackjava.PostServiceApplication - Running with Spring Boot v3.3.5, Spring v6.1.14
2024-12-22T13:39:29.082+0100 INFO               [main]                         be.pxl.fullstackjava.PostServiceApplication - No active profile set, falling back to 1 default profile: "default"
2024-12-22T13:39:31.049+0100 INFO               [main]                         be.pxl.fullstackjava.PostServiceApplication - Started PostServiceApplication in 2.317 seconds (process running for 2.584)
2024-12-22T13:40:29.371+0100 INFO               [http-nio-8081-exec-1]         be.pxl.fullstackjava.service.PostService - Fetching all non-draft posts
2024-12-22T13:41:18.980+0100 INFO               [http-nio-8081-exec-2]         be.pxl.fullstackjava.service.PostService - Fetching all non-draft posts
2024-12-22T13:41:29.578+0100 INFO               [http-nio-8081-exec-3]         be.pxl.fullstackjava.service.PostService - Fetching all approved and pending posts
2024-12-22T13:41:38.192+0100 INFO               [http-nio-8081-exec-6]         be.pxl.fullstackjava.service.PostService - Post created successfully with ID=252
2024-12-22T13:41:39.367+0100 INFO               [http-nio-8081-exec-8]         be.pxl.fullstackjava.service.PostService - Fetching all approved and pending posts
2024-12-22T13:42:59.841+0100 INFO               [http-nio-8081-exec-2]         be.pxl.fullstackjava.service.PostService - Fetching all non-draft posts
2024-12-22T13:43:08.324+0100 INFO               [org.springframework.amqp.rabbit.RabbitListenerEndpointContainer#0-1] be.pxl.fullstackjava.service.PostService - Received review event for postId=252 with approval=true
2024-12-22T13:43:08.327+0100 INFO               [http-nio-8081-exec-5]         be.pxl.fullstackjava.service.PostService - Saving notification for author 'Efe': Your post with ID 252 has been reviewed.
2024-12-22T13:43:08.328+0100 INFO               [org.springframework.amqp.rabbit.RabbitListenerEndpointContainer#0-1] be.pxl.fullstackjava.service.PostService - Post with ID=252 marked as APPROVED
2024-12-22T13:43:08.338+0100 INFO               [org.springframework.amqp.rabbit.RabbitListenerEndpointContainer#0-1] be.pxl.fullstackjava.service.PostService - Post with ID=252 updated successfully after review event
2024-12-22T13:43:08.343+0100 INFO               [http-nio-8081-exec-5]         be.pxl.fullstackjava.service.PostService - Notification saved successfully for author 'Efe'
2024-12-22T13:43:56.766+0100 INFO               [http-nio-8081-exec-6]         be.pxl.fullstackjava.service.PostService - Fetching notifications for author 'Efe'
2024-12-22T14:00:41.186+0100 INFO               [http-nio-8081-exec-9]         be.pxl.fullstackjava.service.PostService - Fetching all approved and pending posts
2024-12-22T14:00:42.347+0100 INFO               [http-nio-8081-exec-10]        be.pxl.fullstackjava.service.PostService - Fetching all approved and pending posts
2024-12-22T14:00:42.520+0100 INFO               [http-nio-8081-exec-1]         be.pxl.fullstackjava.service.PostService - Fetching all approved and pending posts
2024-12-22T14:03:33.211+0100 INFO               [http-nio-8081-exec-3]         be.pxl.fullstackjava.service.PostService - Fetching all approved and pending posts
2024-12-22T14:03:44.267+0100 INFO               [http-nio-8081-exec-5]         be.pxl.fullstackjava.service.PostService - Fetching all approved and pending posts
2024-12-22T14:04:00.759+0100 INFO               [http-nio-8081-exec-7]         be.pxl.fullstackjava.service.PostService - Fetching all approved and pending posts
2024-12-22T14:04:02.583+0100 INFO               [http-nio-8081-exec-8]         be.pxl.fullstackjava.service.PostService - Fetching all approved and pending posts
2024-12-22T14:05:27.970+0100 INFO               [http-nio-8081-exec-10]        be.pxl.fullstackjava.service.PostService - Fetching all approved and pending posts
2024-12-22T14:05:36.586+0100 INFO               [http-nio-8081-exec-2]         be.pxl.fullstackjava.service.PostService - Fetching all approved and pending posts
2024-12-22T14:05:40.044+0100 INFO               [http-nio-8081-exec-4]         be.pxl.fullstackjava.service.PostService - Fetching all approved and pending posts
2024-12-22T14:07:01.782+0100 INFO               [http-nio-8081-exec-6]         be.pxl.fullstackjava.service.PostService - Fetching all rejected posts
2024-12-22T14:07:10.978+0100 INFO               [http-nio-8081-exec-8]         be.pxl.fullstackjava.service.PostService - Fetching all drafted posts
2024-12-22T14:07:11.759+0100 INFO               [http-nio-8081-exec-9]         be.pxl.fullstackjava.service.PostService - Fetching all approved and pending posts
2024-12-22T14:07:12.340+0100 INFO               [http-nio-8081-exec-10]        be.pxl.fullstackjava.service.PostService - Fetching all drafted posts
2024-12-22T14:07:13.057+0100 INFO               [http-nio-8081-exec-1]         be.pxl.fullstackjava.service.PostService - Fetching all approved and pending posts
2024-12-22T14:07:13.653+0100 INFO               [http-nio-8081-exec-2]         be.pxl.fullstackjava.service.PostService - Fetching all drafted posts
2024-12-22T14:07:14.339+0100 INFO               [http-nio-8081-exec-4]         be.pxl.fullstackjava.service.PostService - Fetching all approved and pending posts
2024-12-22T14:09:02.015+0100 INFO               [http-nio-8081-exec-6]         be.pxl.fullstackjava.service.PostService - Fetching all approved and pending posts
2024-12-22T14:09:16.667+0100 INFO               [http-nio-8081-exec-8]         be.pxl.fullstackjava.service.PostService - Fetching all approved and pending posts
2024-12-22T14:09:44.147+0100 INFO               [http-nio-8081-exec-10]        be.pxl.fullstackjava.service.PostService - Fetching all approved and pending posts
2024-12-22T14:10:35.755+0100 INFO               [http-nio-8081-exec-2]         be.pxl.fullstackjava.service.PostService - Fetching all approved and pending posts
2024-12-22T14:10:40.321+0100 INFO               [http-nio-8081-exec-4]         be.pxl.fullstackjava.service.PostService - Fetching all approved and pending posts
2024-12-22T14:11:37.890+0100 INFO               [http-nio-8081-exec-6]         be.pxl.fullstackjava.service.PostService - Fetching all approved and pending posts
2024-12-22T14:11:41.149+0100 INFO               [http-nio-8081-exec-8]         be.pxl.fullstackjava.service.PostService - Fetching all approved and pending posts
2024-12-22T14:11:42.884+0100 INFO               [http-nio-8081-exec-9]         be.pxl.fullstackjava.service.PostService - Fetching all approved and pending posts
2024-12-22T14:11:46.206+0100 INFO               [http-nio-8081-exec-1]         be.pxl.fullstackjava.service.PostService - Fetching all approved and pending posts
2024-12-22T14:11:49.563+0100 INFO               [http-nio-8081-exec-3]         be.pxl.fullstackjava.service.PostService - Fetching all approved and pending posts
2024-12-22T14:12:26.336+0100 INFO               [http-nio-8081-exec-5]         be.pxl.fullstackjava.service.PostService - Fetching all approved and pending posts
2024-12-22T14:12:56.068+0100 INFO               [http-nio-8081-exec-7]         be.pxl.fullstackjava.service.PostService - Fetching all approved and pending posts
2024-12-22T14:13:14.368+0100 INFO               [http-nio-8081-exec-9]         be.pxl.fullstackjava.service.PostService - Fetching all approved and pending posts
2024-12-22T14:13:56.620+0100 INFO               [http-nio-8081-exec-1]         be.pxl.fullstackjava.service.PostService - Fetching all approved and pending posts
2024-12-22T14:14:03.471+0100 INFO               [http-nio-8081-exec-3]         be.pxl.fullstackjava.service.PostService - Fetching all approved and pending posts
2024-12-22T14:14:08.902+0100 INFO               [http-nio-8081-exec-5]         be.pxl.fullstackjava.service.PostService - Fetching all approved and pending posts
2024-12-22T14:16:55.917+0100 INFO               [http-nio-8081-exec-7]         be.pxl.fullstackjava.service.PostService - Fetching all approved and pending posts
2024-12-22T14:17:24.033+0100 INFO               [http-nio-8081-exec-9]         be.pxl.fullstackjava.service.PostService - Fetching all approved and pending posts
2024-12-22T14:37:28.002+0100 INFO               [http-nio-8081-exec-1]         be.pxl.fullstackjava.service.PostService - Fetching all approved and pending posts
2024-12-22T14:37:30.450+0100 INFO               [http-nio-8081-exec-3]         be.pxl.fullstackjava.service.PostService - Fetching all approved and pending posts
2024-12-22T14:37:45.309+0100 INFO               [http-nio-8081-exec-6]         be.pxl.fullstackjava.service.PostService - Fetching notifications for author 'Efe'
2024-12-22T14:38:03.325+0100 INFO               [http-nio-8081-exec-7]         be.pxl.fullstackjava.service.PostService - Fetching notifications for author 'Efe'
2024-12-22T14:38:11.624+0100 INFO               [http-nio-8081-exec-8]         be.pxl.fullstackjava.service.PostService - Fetching all approved and pending posts
2024-12-22T14:41:14.747+0100 INFO               [http-nio-8081-exec-2]         be.pxl.fullstackjava.service.PostService - Fetching all approved and pending posts
2024-12-22T14:41:16.369+0100 INFO               [http-nio-8081-exec-4]         be.pxl.fullstackjava.service.PostService - Fetching all approved and pending posts
2024-12-22T14:41:18.880+0100 INFO               [http-nio-8081-exec-5]         be.pxl.fullstackjava.service.PostService - Fetching all approved and pending posts
2024-12-22T14:41:23.963+0100 INFO               [http-nio-8081-exec-9]         be.pxl.fullstackjava.service.PostService - Fetching all approved and pending posts
2024-12-22T14:41:52.858+0100 INFO               [http-nio-8081-exec-1]         be.pxl.fullstackjava.service.PostService - Fetching all approved and pending posts
2024-12-22T14:43:08.879+0100 INFO               [http-nio-8081-exec-4]         be.pxl.fullstackjava.service.PostService - Fetching notifications for author 'Efe'
2024-12-22T14:43:15.390+0100 INFO               [http-nio-8081-exec-5]         be.pxl.fullstackjava.service.PostService - Fetching all approved and pending posts
2024-12-22T14:43:17.694+0100 INFO               [http-nio-8081-exec-6]         be.pxl.fullstackjava.service.PostService - Fetching notifications for author 'Efe'
2024-12-22T14:43:33.403+0100 INFO               [http-nio-8081-exec-9]         be.pxl.fullstackjava.service.PostService - Post created successfully with ID=253
2024-12-22T14:43:34.465+0100 INFO               [http-nio-8081-exec-1]         be.pxl.fullstackjava.service.PostService - Fetching all approved and pending posts
2024-12-22T14:43:39.576+0100 INFO               [http-nio-8081-exec-3]         be.pxl.fullstackjava.service.PostService - Fetching all approved and pending posts
2024-12-22T14:43:46.319+0100 INFO               [org.springframework.amqp.rabbit.RabbitListenerEndpointContainer#0-1] be.pxl.fullstackjava.service.PostService - Received review event for postId=253 with approval=false
2024-12-22T14:43:46.325+0100 INFO               [org.springframework.amqp.rabbit.RabbitListenerEndpointContainer#0-1] be.pxl.fullstackjava.service.PostService - Post with ID=253 marked as REJECTED
2024-12-22T14:43:46.326+0100 INFO               [http-nio-8081-exec-7]         be.pxl.fullstackjava.service.PostService - Saving notification for author 'Efe': Your post with ID 253 has been reviewed.
2024-12-22T14:43:46.335+0100 INFO               [org.springframework.amqp.rabbit.RabbitListenerEndpointContainer#0-1] be.pxl.fullstackjava.service.PostService - Post with ID=253 updated successfully after review event
2024-12-22T14:43:46.342+0100 INFO               [http-nio-8081-exec-7]         be.pxl.fullstackjava.service.PostService - Notification saved successfully for author 'Efe'
2024-12-22T14:43:46.487+0100 INFO               [http-nio-8081-exec-8]         be.pxl.fullstackjava.service.PostService - Fetching all approved and pending posts
2024-12-22T14:43:51.476+0100 INFO               [http-nio-8081-exec-10]        be.pxl.fullstackjava.service.PostService - Fetching all approved and pending posts
2024-12-22T14:43:53.124+0100 INFO               [http-nio-8081-exec-1]         be.pxl.fullstackjava.service.PostService - Fetching notifications for author 'Efe'
2024-12-22T14:49:04.350+0100 INFO               [http-nio-8081-exec-5]         be.pxl.fullstackjava.service.PostService - Fetching all approved and pending posts
2024-12-22T14:49:05.385+0100 INFO               [http-nio-8081-exec-6]         be.pxl.fullstackjava.service.PostService - Fetching notifications for author 'Efe'
2024-12-22T14:49:11.359+0100 INFO               [http-nio-8081-exec-8]         be.pxl.fullstackjava.service.PostService - Fetching all approved and pending posts
2024-12-22T14:49:20.333+0100 INFO               [http-nio-8081-exec-10]        be.pxl.fullstackjava.service.PostService - Post created successfully with ID=254
2024-12-22T14:49:21.419+0100 INFO               [http-nio-8081-exec-1]         be.pxl.fullstackjava.service.PostService - Fetching all approved and pending posts
2024-12-22T14:49:26.268+0100 INFO               [http-nio-8081-exec-3]         be.pxl.fullstackjava.service.PostService - Fetching all approved and pending posts
2024-12-22T14:49:30.470+0100 INFO               [org.springframework.amqp.rabbit.RabbitListenerEndpointContainer#0-1] be.pxl.fullstackjava.service.PostService - Received review event for postId=254 with approval=false
2024-12-22T14:49:30.473+0100 INFO               [org.springframework.amqp.rabbit.RabbitListenerEndpointContainer#0-1] be.pxl.fullstackjava.service.PostService - Post with ID=254 marked as REJECTED
2024-12-22T14:49:30.476+0100 INFO               [http-nio-8081-exec-7]         be.pxl.fullstackjava.service.PostService - Saving notification for author 'Efe': Your post with ID 254 has been rejected.
2024-12-22T14:49:30.479+0100 INFO               [org.springframework.amqp.rabbit.RabbitListenerEndpointContainer#0-1] be.pxl.fullstackjava.service.PostService - Post with ID=254 updated successfully after review event
2024-12-22T14:49:30.482+0100 INFO               [http-nio-8081-exec-7]         be.pxl.fullstackjava.service.PostService - Notification saved successfully for author 'Efe'
2024-12-22T14:49:30.629+0100 INFO               [http-nio-8081-exec-8]         be.pxl.fullstackjava.service.PostService - Fetching all approved and pending posts
2024-12-22T14:49:35.648+0100 INFO               [http-nio-8081-exec-10]        be.pxl.fullstackjava.service.PostService - Fetching all approved and pending posts
2024-12-22T14:49:36.759+0100 INFO               [http-nio-8081-exec-1]         be.pxl.fullstackjava.service.PostService - Fetching notifications for author 'Efe'
2024-12-22T14:55:18.692+0100 INFO               [main]                         be.pxl.fullstackjava.PostServiceApplication - Starting PostServiceApplication using Java 21.0.1 with PID 67357 (/Users/efedogru/Desktop/project-EfeDogruPXL/backend-java/post-service/target/classes started by efedogru in /Users/efedogru/Desktop/project-EfeDogruPXL/backend-java)
2024-12-22T14:55:18.693+0100 DEBUG              [main]                         be.pxl.fullstackjava.PostServiceApplication - Running with Spring Boot v3.3.5, Spring v6.1.14
2024-12-22T14:55:18.694+0100 INFO               [main]                         be.pxl.fullstackjava.PostServiceApplication - No active profile set, falling back to 1 default profile: "default"
2024-12-22T14:55:20.701+0100 INFO               [main]                         be.pxl.fullstackjava.PostServiceApplication - Started PostServiceApplication in 2.37 seconds (process running for 2.625)
2024-12-22T14:56:01.691+0100 INFO               [http-nio-8081-exec-1]         be.pxl.fullstackjava.service.PostService - Fetching all approved and pending posts
2024-12-22T14:56:02.182+0100 INFO               [http-nio-8081-exec-2]         be.pxl.fullstackjava.service.PostService - Fetching all approved and pending posts
2024-12-22T14:57:02.612+0100 INFO               [http-nio-8081-exec-4]         be.pxl.fullstackjava.service.PostService - Fetching all approved and pending posts
2024-12-22T14:57:23.662+0100 INFO               [http-nio-8081-exec-6]         be.pxl.fullstackjava.service.PostService - Fetching all approved and pending posts
2024-12-22T14:57:24.768+0100 INFO               [http-nio-8081-exec-7]         be.pxl.fullstackjava.service.PostService - Fetching all approved and pending posts
2024-12-22T14:57:27.987+0100 INFO               [http-nio-8081-exec-9]         be.pxl.fullstackjava.service.PostService - Fetching all approved and pending posts
2024-12-22T14:57:28.171+0100 INFO               [http-nio-8081-exec-10]        be.pxl.fullstackjava.service.PostService - Fetching all approved and pending posts
2024-12-22T14:57:31.216+0100 INFO               [http-nio-8081-exec-1]         be.pxl.fullstackjava.service.PostService - Fetching all approved and pending posts
2024-12-22T14:57:31.705+0100 INFO               [http-nio-8081-exec-3]         be.pxl.fullstackjava.service.PostService - Fetching all approved and pending posts
2024-12-22T14:57:36.626+0100 INFO               [http-nio-8081-exec-5]         be.pxl.fullstackjava.service.PostService - Fetching all drafted posts
2024-12-22T14:57:37.304+0100 INFO               [http-nio-8081-exec-6]         be.pxl.fullstackjava.service.PostService - Fetching all rejected posts
2024-12-22T14:57:38.488+0100 INFO               [http-nio-8081-exec-7]         be.pxl.fullstackjava.service.PostService - Fetching all approved and pending posts
2024-12-22T14:57:38.894+0100 INFO               [http-nio-8081-exec-8]         be.pxl.fullstackjava.service.PostService - Fetching all drafted posts
2024-12-22T14:57:39.470+0100 INFO               [http-nio-8081-exec-9]         be.pxl.fullstackjava.service.PostService - Fetching all rejected posts
2024-12-22T14:57:39.932+0100 INFO               [http-nio-8081-exec-10]        be.pxl.fullstackjava.service.PostService - Fetching all drafted posts
2024-12-22T14:57:42.169+0100 INFO               [http-nio-8081-exec-2]         be.pxl.fullstackjava.service.PostService - Fetching all approved and pending posts
2024-12-22T14:57:42.790+0100 INFO               [http-nio-8081-exec-3]         be.pxl.fullstackjava.service.PostService - Fetching all drafted posts
2024-12-22T14:57:43.437+0100 INFO               [http-nio-8081-exec-4]         be.pxl.fullstackjava.service.PostService - Fetching all rejected posts
2024-12-22T14:57:44.036+0100 INFO               [http-nio-8081-exec-5]         be.pxl.fullstackjava.service.PostService - Fetching all approved and pending posts
2024-12-22T14:57:44.506+0100 INFO               [http-nio-8081-exec-6]         be.pxl.fullstackjava.service.PostService - Fetching all drafted posts
2024-12-22T14:57:46.520+0100 INFO               [http-nio-8081-exec-8]         be.pxl.fullstackjava.service.PostService - Fetching all approved and pending posts
2024-12-22T14:57:47.087+0100 INFO               [http-nio-8081-exec-9]         be.pxl.fullstackjava.service.PostService - Fetching all drafted posts
2024-12-22T14:57:47.539+0100 INFO               [http-nio-8081-exec-10]        be.pxl.fullstackjava.service.PostService - Fetching all approved and pending posts
2024-12-22T14:57:48.000+0100 INFO               [http-nio-8081-exec-1]         be.pxl.fullstackjava.service.PostService - Fetching all drafted posts
2024-12-22T14:57:48.425+0100 INFO               [http-nio-8081-exec-2]         be.pxl.fullstackjava.service.PostService - Fetching all approved and pending posts
2024-12-22T14:57:48.921+0100 INFO               [http-nio-8081-exec-3]         be.pxl.fullstackjava.service.PostService - Fetching all drafted posts
2024-12-22T14:57:49.505+0100 INFO               [http-nio-8081-exec-4]         be.pxl.fullstackjava.service.PostService - Fetching all approved and pending posts
2024-12-22T14:57:59.731+0100 INFO               [http-nio-8081-exec-6]         be.pxl.fullstackjava.service.PostService - Fetching all approved and pending posts
2024-12-22T14:57:59.960+0100 INFO               [http-nio-8081-exec-7]         be.pxl.fullstackjava.service.PostService - Fetching all approved and pending posts
2024-12-22T14:58:00.786+0100 INFO               [http-nio-8081-exec-8]         be.pxl.fullstackjava.service.PostService - Fetching all drafted posts
2024-12-22T14:58:01.781+0100 INFO               [http-nio-8081-exec-10]        be.pxl.fullstackjava.service.PostService - Fetching all approved and pending posts
2024-12-22T14:58:02.604+0100 INFO               [http-nio-8081-exec-1]         be.pxl.fullstackjava.service.PostService - Fetching all drafted posts
2024-12-22T14:58:03.131+0100 INFO               [http-nio-8081-exec-2]         be.pxl.fullstackjava.service.PostService - Fetching all approved and pending posts
2024-12-22T14:58:03.587+0100 INFO               [http-nio-8081-exec-3]         be.pxl.fullstackjava.service.PostService - Fetching all drafted posts
2024-12-22T14:58:03.905+0100 INFO               [http-nio-8081-exec-4]         be.pxl.fullstackjava.service.PostService - Fetching all approved and pending posts
2024-12-22T14:58:04.422+0100 INFO               [http-nio-8081-exec-5]         be.pxl.fullstackjava.service.PostService - Fetching all rejected posts
2024-12-22T14:58:05.004+0100 INFO               [http-nio-8081-exec-6]         be.pxl.fullstackjava.service.PostService - Fetching all approved and pending posts
2024-12-22T14:58:05.415+0100 INFO               [http-nio-8081-exec-7]         be.pxl.fullstackjava.service.PostService - Fetching all drafted posts
2024-12-22T14:58:08.853+0100 INFO               [http-nio-8081-exec-9]         be.pxl.fullstackjava.service.PostService - Fetching all approved and pending posts
2024-12-22T14:58:10.004+0100 INFO               [http-nio-8081-exec-10]        be.pxl.fullstackjava.service.PostService - Fetching all rejected posts
2024-12-22T14:58:31.788+0100 INFO               [http-nio-8081-exec-2]         be.pxl.fullstackjava.service.PostService - Fetching all rejected posts
2024-12-22T14:58:36.407+0100 INFO               [http-nio-8081-exec-3]         be.pxl.fullstackjava.service.PostService - Fetching all rejected posts
2024-12-22T14:58:36.683+0100 INFO               [http-nio-8081-exec-5]         be.pxl.fullstackjava.service.PostService - Fetching all rejected posts
2024-12-22T14:58:38.640+0100 INFO               [http-nio-8081-exec-6]         be.pxl.fullstackjava.service.PostService - Fetching all drafted posts
2024-12-22T14:58:39.098+0100 INFO               [http-nio-8081-exec-7]         be.pxl.fullstackjava.service.PostService - Fetching all approved and pending posts
2024-12-22T14:58:39.538+0100 INFO               [http-nio-8081-exec-8]         be.pxl.fullstackjava.service.PostService - Fetching all drafted posts
2024-12-22T14:58:40.071+0100 INFO               [http-nio-8081-exec-9]         be.pxl.fullstackjava.service.PostService - Fetching all rejected posts
2024-12-22T14:58:40.559+0100 INFO               [http-nio-8081-exec-10]        be.pxl.fullstackjava.service.PostService - Fetching all approved and pending posts
2024-12-22T14:58:41.069+0100 INFO               [http-nio-8081-exec-1]         be.pxl.fullstackjava.service.PostService - Fetching all drafted posts
2024-12-22T14:58:41.817+0100 INFO               [http-nio-8081-exec-3]         be.pxl.fullstackjava.service.PostService - Fetching all rejected posts
2024-12-22T14:58:44.171+0100 INFO               [http-nio-8081-exec-4]         be.pxl.fullstackjava.service.PostService - Fetching all drafted posts
2024-12-22T14:58:44.658+0100 INFO               [http-nio-8081-exec-5]         be.pxl.fullstackjava.service.PostService - Fetching all rejected posts
2024-12-22T14:59:14.276+0100 INFO               [http-nio-8081-exec-7]         be.pxl.fullstackjava.service.PostService - Post created successfully with ID=1
2024-12-22T14:59:15.672+0100 INFO               [http-nio-8081-exec-8]         be.pxl.fullstackjava.service.PostService - Fetching all approved and pending posts
2024-12-22T14:59:17.500+0100 INFO               [http-nio-8081-exec-10]        be.pxl.fullstackjava.service.PostService - Fetching all rejected posts
2024-12-22T14:59:18.033+0100 INFO               [http-nio-8081-exec-1]         be.pxl.fullstackjava.service.PostService - Fetching all approved and pending posts
2024-12-22T14:59:18.399+0100 INFO               [http-nio-8081-exec-2]         be.pxl.fullstackjava.service.PostService - Fetching all drafted posts
2024-12-22T14:59:30.254+0100 INFO               [http-nio-8081-exec-4]         be.pxl.fullstackjava.service.PostService - Fetching all approved and pending posts
2024-12-22T14:59:31.082+0100 INFO               [http-nio-8081-exec-5]         be.pxl.fullstackjava.service.PostService - Fetching all drafted posts
2024-12-22T14:59:32.304+0100 INFO               [http-nio-8081-exec-7]         be.pxl.fullstackjava.service.PostService - Fetching post with ID=1
2024-12-22T14:59:34.640+0100 INFO               [http-nio-8081-exec-8]         be.pxl.fullstackjava.service.PostService - Fetching all approved and pending posts
2024-12-22T14:59:36.076+0100 INFO               [http-nio-8081-exec-9]         be.pxl.fullstackjava.service.PostService - Fetching all drafted posts
2024-12-22T15:00:20.793+0100 INFO               [http-nio-8081-exec-1]         be.pxl.fullstackjava.service.PostService - Fetching all drafted posts
2024-12-22T15:01:33.370+0100 INFO               [http-nio-8081-exec-3]         be.pxl.fullstackjava.service.PostService - Fetching all drafted posts
2024-12-22T15:01:40.205+0100 INFO               [http-nio-8081-exec-5]         be.pxl.fullstackjava.service.PostService - Fetching all drafted posts
2024-12-22T15:01:46.223+0100 INFO               [http-nio-8081-exec-7]         be.pxl.fullstackjava.service.PostService - Fetching all drafted posts
2024-12-22T15:01:47.501+0100 INFO               [http-nio-8081-exec-9]         be.pxl.fullstackjava.service.PostService - Fetching post with ID=1
2024-12-22T15:01:47.848+0100 INFO               [http-nio-8081-exec-10]        be.pxl.fullstackjava.service.PostService - Fetching post with ID=1
2024-12-22T15:01:48.033+0100 INFO               [http-nio-8081-exec-1]         be.pxl.fullstackjava.service.PostService - Fetching post with ID=1
2024-12-22T15:01:48.167+0100 INFO               [http-nio-8081-exec-2]         be.pxl.fullstackjava.service.PostService - Fetching post with ID=1
2024-12-22T15:01:49.235+0100 INFO               [http-nio-8081-exec-3]         be.pxl.fullstackjava.service.PostService - Fetching post with ID=1
2024-12-22T15:01:49.969+0100 INFO               [http-nio-8081-exec-4]         be.pxl.fullstackjava.service.PostService - Fetching post with ID=1
2024-12-22T15:01:50.336+0100 INFO               [http-nio-8081-exec-5]         be.pxl.fullstackjava.service.PostService - Fetching post with ID=1
2024-12-22T15:01:50.485+0100 INFO               [http-nio-8081-exec-6]         be.pxl.fullstackjava.service.PostService - Fetching post with ID=1
2024-12-22T15:01:54.372+0100 INFO               [http-nio-8081-exec-8]         be.pxl.fullstackjava.service.PostService - Fetching all approved and pending posts
2024-12-22T15:01:55.386+0100 INFO               [http-nio-8081-exec-9]         be.pxl.fullstackjava.service.PostService - Fetching all drafted posts
2024-12-22T15:01:55.935+0100 INFO               [http-nio-8081-exec-10]        be.pxl.fullstackjava.service.PostService - Fetching post with ID=1
2024-12-22T15:01:55.992+0100 INFO               [http-nio-8081-exec-1]         be.pxl.fullstackjava.service.PostService - Fetching post with ID=1
2024-12-22T15:02:06.008+0100 INFO               [http-nio-8081-exec-4]         be.pxl.fullstackjava.service.PostService - Updating post with ID=1
2024-12-22T15:02:06.054+0100 INFO               [http-nio-8081-exec-4]         be.pxl.fullstackjava.service.PostService - Post with ID=1 updated successfully
2024-12-22T15:02:08.024+0100 INFO               [http-nio-8081-exec-6]         be.pxl.fullstackjava.service.PostService - Fetching all approved and pending posts
2024-12-22T15:02:09.986+0100 INFO               [http-nio-8081-exec-7]         be.pxl.fullstackjava.service.PostService - Fetching all drafted posts
2024-12-22T15:02:13.371+0100 INFO               [http-nio-8081-exec-9]         be.pxl.fullstackjava.service.PostService - Fetching all approved and pending posts
2024-12-22T15:02:14.469+0100 INFO               [http-nio-8081-exec-10]        be.pxl.fullstackjava.service.PostService - Fetching post with ID=1
2024-12-22T15:02:14.525+0100 INFO               [http-nio-8081-exec-1]         be.pxl.fullstackjava.service.PostService - Fetching post with ID=1
2024-12-22T15:02:15.255+0100 INFO               [http-nio-8081-exec-2]         be.pxl.fullstackjava.service.PostService - Fetching all approved and pending posts
2024-12-22T15:02:21.318+0100 INFO               [http-nio-8081-exec-4]         be.pxl.fullstackjava.service.PostService - Fetching post with ID=1
2024-12-22T15:02:21.378+0100 INFO               [http-nio-8081-exec-5]         be.pxl.fullstackjava.service.PostService - Fetching post with ID=1
2024-12-22T15:02:22.057+0100 INFO               [http-nio-8081-exec-7]         be.pxl.fullstackjava.service.PostService - Fetching all approved and pending posts
2024-12-22T15:02:30.375+0100 INFO               [http-nio-8081-exec-9]         be.pxl.fullstackjava.service.PostService - Fetching all approved and pending posts
2024-12-22T15:02:42.622+0100 INFO               [org.springframework.amqp.rabbit.RabbitListenerEndpointContainer#0-1] be.pxl.fullstackjava.service.PostService - Received review event for postId=1 with approval=false
2024-12-22T15:02:42.623+0100 INFO               [http-nio-8081-exec-3]         be.pxl.fullstackjava.service.PostService - Saving notification for author 'Efe': Your post with ID 1 has been rejected.
2024-12-22T15:02:42.626+0100 INFO               [org.springframework.amqp.rabbit.RabbitListenerEndpointContainer#0-1] be.pxl.fullstackjava.service.PostService - Post with ID=1 marked as REJECTED
2024-12-22T15:02:42.641+0100 INFO               [org.springframework.amqp.rabbit.RabbitListenerEndpointContainer#0-1] be.pxl.fullstackjava.service.PostService - Post with ID=1 updated successfully after review event
2024-12-22T15:02:42.647+0100 INFO               [http-nio-8081-exec-3]         be.pxl.fullstackjava.service.PostService - Notification saved successfully for author 'Efe'
2024-12-22T15:02:42.716+0100 INFO               [http-nio-8081-exec-4]         be.pxl.fullstackjava.service.PostService - Fetching all approved and pending posts
2024-12-22T15:02:45.900+0100 INFO               [http-nio-8081-exec-5]         be.pxl.fullstackjava.service.PostService - Fetching all rejected posts
2024-12-22T15:03:04.604+0100 INFO               [http-nio-8081-exec-7]         be.pxl.fullstackjava.service.PostService - Fetching all approved and pending posts
2024-12-22T15:03:06.004+0100 INFO               [http-nio-8081-exec-8]         be.pxl.fullstackjava.service.PostService - Fetching all rejected posts
2024-12-22T15:03:15.622+0100 INFO               [http-nio-8081-exec-10]        be.pxl.fullstackjava.service.PostService - Fetching all approved and pending posts
2024-12-22T15:03:21.883+0100 INFO               [http-nio-8081-exec-2]         be.pxl.fullstackjava.service.PostService - Fetching notifications for author 'Efe'
2024-12-22T15:03:30.105+0100 INFO               [http-nio-8081-exec-4]         be.pxl.fullstackjava.service.PostService - Fetching all rejected posts
2024-12-22T15:03:32.529+0100 INFO               [http-nio-8081-exec-6]         be.pxl.fullstackjava.service.PostService - Fetching post with ID=1
2024-12-22T15:03:51.276+0100 INFO               [http-nio-8081-exec-9]         be.pxl.fullstackjava.service.PostService - Updating post with ID=1
2024-12-22T15:03:51.312+0100 INFO               [http-nio-8081-exec-9]         be.pxl.fullstackjava.service.PostService - Post with ID=1 updated successfully
2024-12-22T15:03:53.140+0100 INFO               [http-nio-8081-exec-1]         be.pxl.fullstackjava.service.PostService - Fetching all approved and pending posts
2024-12-22T15:03:56.705+0100 INFO               [http-nio-8081-exec-3]         be.pxl.fullstackjava.service.PostService - Fetching notifications for author 'Efe'
2024-12-22T15:04:03.296+0100 INFO               [http-nio-8081-exec-5]         be.pxl.fullstackjava.service.PostService - Fetching all approved and pending posts
2024-12-22T15:04:06.084+0100 INFO               [http-nio-8081-exec-6]         be.pxl.fullstackjava.service.PostService - Fetching post with ID=1
2024-12-22T15:04:06.668+0100 INFO               [http-nio-8081-exec-8]         be.pxl.fullstackjava.service.PostService - Fetching post with ID=1
2024-12-22T15:04:10.668+0100 INFO               [org.springframework.amqp.rabbit.RabbitListenerEndpointContainer#0-1] be.pxl.fullstackjava.service.PostService - Received review event for postId=1 with approval=true
2024-12-22T15:04:10.674+0100 INFO               [org.springframework.amqp.rabbit.RabbitListenerEndpointContainer#0-1] be.pxl.fullstackjava.service.PostService - Post with ID=1 marked as APPROVED
2024-12-22T15:04:10.676+0100 INFO               [http-nio-8081-exec-1]         be.pxl.fullstackjava.service.PostService - Saving notification for author 'Efe': Your post with ID 1 has been approved.
2024-12-22T15:04:10.681+0100 INFO               [org.springframework.amqp.rabbit.RabbitListenerEndpointContainer#0-1] be.pxl.fullstackjava.service.PostService - Post with ID=1 updated successfully after review event
2024-12-22T15:04:10.686+0100 INFO               [http-nio-8081-exec-1]         be.pxl.fullstackjava.service.PostService - Notification saved successfully for author 'Efe'
2024-12-22T15:04:10.754+0100 INFO               [http-nio-8081-exec-2]         be.pxl.fullstackjava.service.PostService - Fetching all approved and pending posts
2024-12-22T15:04:12.687+0100 INFO               [http-nio-8081-exec-4]         be.pxl.fullstackjava.service.PostService - Fetching post with ID=1
2024-12-22T15:04:13.185+0100 INFO               [http-nio-8081-exec-5]         be.pxl.fullstackjava.service.PostService - Fetching post with ID=1
2024-12-22T15:04:19.262+0100 INFO               [http-nio-8081-exec-7]         be.pxl.fullstackjava.service.PostService - Fetching all approved and pending posts
2024-12-22T15:04:20.288+0100 INFO               [http-nio-8081-exec-8]         be.pxl.fullstackjava.service.PostService - Fetching notifications for author 'Efe'
2024-12-22T15:04:26.370+0100 INFO               [http-nio-8081-exec-10]        be.pxl.fullstackjava.service.PostService - Fetching post with ID=1
2024-12-22T15:04:59.639+0100 INFO               [http-nio-8081-exec-2]         be.pxl.fullstackjava.service.PostService - Fetching post with ID=1
2024-12-22T15:05:04.429+0100 INFO               [http-nio-8081-exec-4]         be.pxl.fullstackjava.service.PostService - Fetching all approved and pending posts
2024-12-22T15:05:12.936+0100 INFO               [http-nio-8081-exec-7]         be.pxl.fullstackjava.service.PostService - Post created successfully with ID=2
2024-12-22T15:05:14.068+0100 INFO               [http-nio-8081-exec-8]         be.pxl.fullstackjava.service.PostService - Fetching all approved and pending posts
2024-12-22T15:05:23.772+0100 INFO               [http-nio-8081-exec-10]        be.pxl.fullstackjava.service.PostService - Fetching all approved posts
2024-12-22T15:05:30.603+0100 INFO               [http-nio-8081-exec-2]         be.pxl.fullstackjava.service.PostService - Fetching post with ID=1
2024-12-22T15:05:32.114+0100 INFO               [http-nio-8081-exec-4]         be.pxl.fullstackjava.service.PostService - Fetching all approved posts
2024-12-22T15:05:38.869+0100 INFO               [http-nio-8081-exec-6]         be.pxl.fullstackjava.service.PostService - Fetching all approved and pending posts
2024-12-22T15:05:41.846+0100 INFO               [org.springframework.amqp.rabbit.RabbitListenerEndpointContainer#0-1] be.pxl.fullstackjava.service.PostService - Received review event for postId=2 with approval=true
2024-12-22T15:05:41.851+0100 INFO               [org.springframework.amqp.rabbit.RabbitListenerEndpointContainer#0-1] be.pxl.fullstackjava.service.PostService - Post with ID=2 marked as APPROVED
2024-12-22T15:05:41.855+0100 INFO               [http-nio-8081-exec-10]        be.pxl.fullstackjava.service.PostService - Saving notification for author 'Dries': Your post with ID 2 has been approved.
2024-12-22T15:05:41.858+0100 INFO               [org.springframework.amqp.rabbit.RabbitListenerEndpointContainer#0-1] be.pxl.fullstackjava.service.PostService - Post with ID=2 updated successfully after review event
2024-12-22T15:05:41.860+0100 INFO               [http-nio-8081-exec-10]        be.pxl.fullstackjava.service.PostService - Notification saved successfully for author 'Dries'
2024-12-22T15:05:41.946+0100 INFO               [http-nio-8081-exec-1]         be.pxl.fullstackjava.service.PostService - Fetching all approved and pending posts
2024-12-22T15:05:47.406+0100 INFO               [http-nio-8081-exec-3]         be.pxl.fullstackjava.service.PostService - Fetching all approved posts
2024-12-22T15:05:49.918+0100 INFO               [http-nio-8081-exec-4]         be.pxl.fullstackjava.service.PostService - Fetching post with ID=1
2024-12-22T15:05:52.207+0100 INFO               [http-nio-8081-exec-6]         be.pxl.fullstackjava.service.PostService - Fetching all approved posts
2024-12-22T15:06:33.654+0100 INFO               [http-nio-8081-exec-8]         be.pxl.fullstackjava.service.PostService - Fetching post with ID=1
2024-12-22T15:07:52.562+0100 INFO               [http-nio-8081-exec-1]         be.pxl.fullstackjava.service.PostService - Fetching post with ID=1
2024-12-22T15:08:17.287+0100 INFO               [http-nio-8081-exec-3]         be.pxl.fullstackjava.service.PostService - Fetching all approved posts
2024-12-22T15:08:20.034+0100 INFO               [http-nio-8081-exec-4]         be.pxl.fullstackjava.service.PostService - Fetching post with ID=1
2024-12-22T15:08:32.209+0100 INFO               [http-nio-8081-exec-6]         be.pxl.fullstackjava.service.PostService - Fetching post with ID=1
2024-12-22T15:08:36.286+0100 INFO               [http-nio-8081-exec-7]         be.pxl.fullstackjava.service.PostService - Fetching post with ID=1
2024-12-22T15:08:38.120+0100 INFO               [http-nio-8081-exec-9]         be.pxl.fullstackjava.service.PostService - Fetching post with ID=1
2024-12-22T15:08:39.950+0100 INFO               [http-nio-8081-exec-10]        be.pxl.fullstackjava.service.PostService - Fetching all approved posts
2024-12-22T15:08:45.406+0100 INFO               [http-nio-8081-exec-2]         be.pxl.fullstackjava.service.PostService - Fetching all approved and pending posts
2024-12-22T15:09:18.567+0100 INFO               [http-nio-8081-exec-4]         be.pxl.fullstackjava.service.PostService - Fetching post with ID=1
2024-12-22T15:09:19.034+0100 INFO               [http-nio-8081-exec-5]         be.pxl.fullstackjava.service.PostService - Fetching post with ID=2
2024-12-22T15:09:19.368+0100 INFO               [http-nio-8081-exec-6]         be.pxl.fullstackjava.service.PostService - Fetching post with ID=2
2024-12-22T23:36:28.393+0100 INFO               [main]                         be.pxl.fullstackjava.PostServiceApplication - Starting PostServiceApplication using Java 21.0.1 with PID 77853 (/Users/efedogru/Desktop/project-EfeDogruPXL/backend-java/post-service/target/classes started by efedogru in /Users/efedogru/Desktop/project-EfeDogruPXL/backend-java)
2024-12-22T23:36:28.394+0100 DEBUG              [main]                         be.pxl.fullstackjava.PostServiceApplication - Running with Spring Boot v3.3.5, Spring v6.1.14
2024-12-22T23:36:28.395+0100 INFO               [main]                         be.pxl.fullstackjava.PostServiceApplication - No active profile set, falling back to 1 default profile: "default"
2024-12-22T23:36:30.265+0100 INFO               [main]                         be.pxl.fullstackjava.PostServiceApplication - Started PostServiceApplication in 2.264 seconds (process running for 2.521)
2024-12-22T23:37:13.329+0100 INFO               [http-nio-8081-exec-1]         be.pxl.fullstackjava.service.PostService - Fetching all approved and pending posts
2024-12-22T23:37:14.442+0100 INFO               [http-nio-8081-exec-2]         be.pxl.fullstackjava.service.PostService - Fetching post with ID=1
2024-12-22T23:37:14.893+0100 INFO               [http-nio-8081-exec-3]         be.pxl.fullstackjava.service.PostService - Fetching post with ID=2
2024-12-22T23:37:17.746+0100 INFO               [http-nio-8081-exec-4]         be.pxl.fullstackjava.service.PostService - Fetching post with ID=1
2024-12-22T23:37:19.855+0100 INFO               [http-nio-8081-exec-5]         be.pxl.fullstackjava.service.PostService - Fetching all drafted posts
2024-12-22T23:37:20.309+0100 INFO               [http-nio-8081-exec-6]         be.pxl.fullstackjava.service.PostService - Fetching all rejected posts
2024-12-22T23:37:22.362+0100 INFO               [http-nio-8081-exec-7]         be.pxl.fullstackjava.service.PostService - Fetching notifications for author 'Efe'
2024-12-22T23:37:41.248+0100 INFO               [http-nio-8081-exec-8]         be.pxl.fullstackjava.service.PostService - Fetching notifications for author 'Efe'
2024-12-22T23:39:57.243+0100 INFO               [http-nio-8081-exec-10]        be.pxl.fullstackjava.service.PostService - Fetching notifications for author 'Efe'
2024-12-22T23:41:50.016+0100 INFO               [http-nio-8081-exec-3]         be.pxl.fullstackjava.service.PostService - Post created successfully with ID=52
2024-12-22T23:41:51.343+0100 INFO               [http-nio-8081-exec-4]         be.pxl.fullstackjava.service.PostService - Fetching all approved and pending posts
2024-12-22T23:41:52.078+0100 INFO               [http-nio-8081-exec-5]         be.pxl.fullstackjava.service.PostService - Fetching all drafted posts
2024-12-22T23:41:53.042+0100 INFO               [http-nio-8081-exec-6]         be.pxl.fullstackjava.service.PostService - Fetching post with ID=52
2024-12-22T23:41:53.103+0100 INFO               [http-nio-8081-exec-7]         be.pxl.fullstackjava.service.PostService - Fetching post with ID=52
2024-12-22T23:41:54.040+0100 INFO               [http-nio-8081-exec-8]         be.pxl.fullstackjava.service.PostService - Fetching all approved and pending posts
2024-12-22T23:41:58.028+0100 INFO               [http-nio-8081-exec-9]         be.pxl.fullstackjava.service.PostService - Fetching all approved and pending posts
2024-12-22T23:41:58.997+0100 INFO               [http-nio-8081-exec-10]        be.pxl.fullstackjava.service.PostService - Fetching all drafted posts
2024-12-22T23:41:59.426+0100 INFO               [http-nio-8081-exec-1]         be.pxl.fullstackjava.service.PostService - Fetching post with ID=52
2024-12-22T23:41:59.626+0100 INFO               [http-nio-8081-exec-2]         be.pxl.fullstackjava.service.PostService - Fetching post with ID=52
2024-12-22T23:41:59.792+0100 INFO               [http-nio-8081-exec-3]         be.pxl.fullstackjava.service.PostService - Fetching post with ID=52
2024-12-22T23:42:00.002+0100 INFO               [http-nio-8081-exec-4]         be.pxl.fullstackjava.service.PostService - Fetching post with ID=52
2024-12-22T23:42:00.847+0100 INFO               [http-nio-8081-exec-5]         be.pxl.fullstackjava.service.PostService - Fetching post with ID=52
2024-12-22T23:42:01.009+0100 INFO               [http-nio-8081-exec-6]         be.pxl.fullstackjava.service.PostService - Fetching post with ID=52
2024-12-22T23:42:01.174+0100 INFO               [http-nio-8081-exec-7]         be.pxl.fullstackjava.service.PostService - Fetching post with ID=52
2024-12-22T23:42:01.980+0100 INFO               [http-nio-8081-exec-8]         be.pxl.fullstackjava.service.PostService - Fetching all approved and pending posts
2024-12-22T23:42:02.776+0100 INFO               [http-nio-8081-exec-9]         be.pxl.fullstackjava.service.PostService - Fetching post with ID=1
2024-12-22T23:42:03.076+0100 INFO               [http-nio-8081-exec-10]        be.pxl.fullstackjava.service.PostService - Fetching post with ID=1
2024-12-22T23:42:03.508+0100 INFO               [http-nio-8081-exec-1]         be.pxl.fullstackjava.service.PostService - Fetching post with ID=2
2024-12-22T23:42:03.659+0100 INFO               [http-nio-8081-exec-2]         be.pxl.fullstackjava.service.PostService - Fetching post with ID=2
2024-12-22T23:42:04.704+0100 INFO               [http-nio-8081-exec-3]         be.pxl.fullstackjava.service.PostService - Fetching all rejected posts
2024-12-22T23:42:09.612+0100 INFO               [http-nio-8081-exec-4]         be.pxl.fullstackjava.service.PostService - Fetching all approved and pending posts
2024-12-22T23:42:10.809+0100 INFO               [http-nio-8081-exec-5]         be.pxl.fullstackjava.service.PostService - Fetching notifications for author 'Dries'
2024-12-22T23:42:21.727+0100 INFO               [http-nio-8081-exec-6]         be.pxl.fullstackjava.service.PostService - Post created successfully with ID=53
2024-12-22T23:42:23.172+0100 INFO               [http-nio-8081-exec-7]         be.pxl.fullstackjava.service.PostService - Fetching all approved and pending posts
2024-12-22T23:42:25.293+0100 INFO               [http-nio-8081-exec-8]         be.pxl.fullstackjava.service.PostService - Fetching post with ID=53
2024-12-22T23:42:25.343+0100 INFO               [http-nio-8081-exec-9]         be.pxl.fullstackjava.service.PostService - Fetching post with ID=53
2024-12-22T23:42:26.510+0100 INFO               [http-nio-8081-exec-10]        be.pxl.fullstackjava.service.PostService - Fetching all approved and pending posts
2024-12-22T23:42:27.143+0100 INFO               [http-nio-8081-exec-1]         be.pxl.fullstackjava.service.PostService - Fetching post with ID=53
2024-12-22T23:42:27.198+0100 INFO               [http-nio-8081-exec-2]         be.pxl.fullstackjava.service.PostService - Fetching post with ID=53
2024-12-22T23:42:29.954+0100 INFO               [http-nio-8081-exec-4]         be.pxl.fullstackjava.service.PostService - Updating post with ID=53
2024-12-22T23:42:29.993+0100 INFO               [http-nio-8081-exec-4]         be.pxl.fullstackjava.service.PostService - Post with ID=53 updated successfully
2024-12-22T23:42:32.047+0100 INFO               [http-nio-8081-exec-5]         be.pxl.fullstackjava.service.PostService - Fetching all approved and pending posts
2024-12-22T23:42:36.494+0100 INFO               [http-nio-8081-exec-6]         be.pxl.fullstackjava.service.PostService - Fetching notifications for author 'Dries'
2024-12-22T23:42:40.766+0100 INFO               [http-nio-8081-exec-7]         be.pxl.fullstackjava.service.PostService - Fetching all approved and pending posts
2024-12-22T23:42:49.333+0100 INFO               [org.springframework.amqp.rabbit.RabbitListenerEndpointContainer#0-1] be.pxl.fullstackjava.service.PostService - Received review event for postId=53 with approval=false
2024-12-22T23:42:49.335+0100 INFO               [http-nio-8081-exec-10]        be.pxl.fullstackjava.service.PostService - Saving notification for author 'Dries': Your post with ID 53 has been rejected.
2024-12-22T23:42:49.336+0100 INFO               [org.springframework.amqp.rabbit.RabbitListenerEndpointContainer#0-1] be.pxl.fullstackjava.service.PostService - Post with ID=53 marked as REJECTED
2024-12-22T23:42:49.343+0100 INFO               [org.springframework.amqp.rabbit.RabbitListenerEndpointContainer#0-1] be.pxl.fullstackjava.service.PostService - Post with ID=53 updated successfully after review event
2024-12-22T23:42:49.347+0100 INFO               [http-nio-8081-exec-10]        be.pxl.fullstackjava.service.PostService - Notification saved successfully for author 'Dries'
2024-12-22T23:42:49.446+0100 INFO               [http-nio-8081-exec-1]         be.pxl.fullstackjava.service.PostService - Fetching all approved and pending posts
2024-12-22T23:42:52.145+0100 INFO               [http-nio-8081-exec-2]         be.pxl.fullstackjava.service.PostService - Fetching notifications for author 'Efe'
2024-12-22T23:42:54.312+0100 INFO               [http-nio-8081-exec-3]         be.pxl.fullstackjava.service.PostService - Fetching all rejected posts
2024-12-22T23:43:00.604+0100 INFO               [http-nio-8081-exec-4]         be.pxl.fullstackjava.service.PostService - Fetching all approved and pending posts
2024-12-22T23:43:01.748+0100 INFO               [http-nio-8081-exec-5]         be.pxl.fullstackjava.service.PostService - Fetching all rejected posts
2024-12-22T23:43:02.833+0100 INFO               [http-nio-8081-exec-6]         be.pxl.fullstackjava.service.PostService - Fetching post with ID=53
2024-12-22T23:43:03.712+0100 INFO               [http-nio-8081-exec-7]         be.pxl.fullstackjava.service.PostService - Fetching all approved and pending posts
2024-12-22T23:43:05.112+0100 INFO               [http-nio-8081-exec-8]         be.pxl.fullstackjava.service.PostService - Fetching all rejected posts
2024-12-22T23:43:06.839+0100 INFO               [http-nio-8081-exec-9]         be.pxl.fullstackjava.service.PostService - Fetching notifications for author 'Dries'
2024-12-22T23:43:25.498+0100 INFO               [http-nio-8081-exec-10]        be.pxl.fullstackjava.service.PostService - Fetching post with ID=53
2024-12-22T23:43:32.009+0100 INFO               [http-nio-8081-exec-1]         be.pxl.fullstackjava.service.PostService - Updating post with ID=53
2024-12-22T23:43:32.032+0100 INFO               [http-nio-8081-exec-1]         be.pxl.fullstackjava.service.PostService - Post with ID=53 updated successfully
2024-12-22T23:43:34.381+0100 INFO               [http-nio-8081-exec-2]         be.pxl.fullstackjava.service.PostService - Fetching all approved and pending posts
2024-12-22T23:43:36.009+0100 INFO               [http-nio-8081-exec-3]         be.pxl.fullstackjava.service.PostService - Fetching post with ID=53
2024-12-22T23:43:36.069+0100 INFO               [http-nio-8081-exec-4]         be.pxl.fullstackjava.service.PostService - Fetching post with ID=53
2024-12-22T23:43:36.946+0100 INFO               [http-nio-8081-exec-5]         be.pxl.fullstackjava.service.PostService - Fetching all approved and pending posts
2024-12-22T23:43:40.628+0100 INFO               [http-nio-8081-exec-6]         be.pxl.fullstackjava.service.PostService - Fetching all approved and pending posts
2024-12-22T23:43:50.026+0100 INFO               [org.springframework.amqp.rabbit.RabbitListenerEndpointContainer#0-1] be.pxl.fullstackjava.service.PostService - Received review event for postId=53 with approval=false
2024-12-22T23:43:50.035+0100 INFO               [org.springframework.amqp.rabbit.RabbitListenerEndpointContainer#0-1] be.pxl.fullstackjava.service.PostService - Post with ID=53 marked as REJECTED
2024-12-22T23:43:50.046+0100 INFO               [http-nio-8081-exec-10]        be.pxl.fullstackjava.service.PostService - Saving notification for author 'Dries': Your post with ID 53 has been rejected.
2024-12-22T23:43:50.054+0100 INFO               [org.springframework.amqp.rabbit.RabbitListenerEndpointContainer#0-1] be.pxl.fullstackjava.service.PostService - Post with ID=53 updated successfully after review event
2024-12-22T23:43:50.059+0100 INFO               [http-nio-8081-exec-10]        be.pxl.fullstackjava.service.PostService - Notification saved successfully for author 'Dries'
2024-12-22T23:43:50.139+0100 INFO               [http-nio-8081-exec-1]         be.pxl.fullstackjava.service.PostService - Fetching all approved and pending posts
2024-12-22T23:43:51.501+0100 INFO               [http-nio-8081-exec-2]         be.pxl.fullstackjava.service.PostService - Fetching all rejected posts
2024-12-22T23:44:05.385+0100 INFO               [http-nio-8081-exec-3]         be.pxl.fullstackjava.service.PostService - Fetching all approved and pending posts
2024-12-22T23:44:10.579+0100 INFO               [http-nio-8081-exec-4]         be.pxl.fullstackjava.service.PostService - Fetching all approved and pending posts
2024-12-22T23:44:11.629+0100 INFO               [http-nio-8081-exec-5]         be.pxl.fullstackjava.service.PostService - Fetching all rejected posts
2024-12-22T23:44:17.726+0100 INFO               [http-nio-8081-exec-6]         be.pxl.fullstackjava.service.PostService - Fetching all approved and pending posts
2024-12-22T23:44:19.190+0100 INFO               [http-nio-8081-exec-7]         be.pxl.fullstackjava.service.PostService - Fetching all rejected posts
2024-12-22T23:45:08.890+0100 INFO               [http-nio-8081-exec-9]         be.pxl.fullstackjava.service.PostService - Post created successfully with ID=54
2024-12-22T23:45:10.005+0100 INFO               [http-nio-8081-exec-10]        be.pxl.fullstackjava.service.PostService - Fetching all approved and pending posts
2024-12-22T23:45:15.973+0100 INFO               [http-nio-8081-exec-1]         be.pxl.fullstackjava.service.PostService - Fetching all approved and pending posts
2024-12-22T23:45:16.459+0100 INFO               [http-nio-8081-exec-2]         be.pxl.fullstackjava.service.PostService - Fetching post with ID=54
2024-12-22T23:45:19.059+0100 INFO               [org.springframework.amqp.rabbit.RabbitListenerEndpointContainer#0-1] be.pxl.fullstackjava.service.PostService - Received review event for postId=54 with approval=false
2024-12-22T23:45:19.064+0100 INFO               [org.springframework.amqp.rabbit.RabbitListenerEndpointContainer#0-1] be.pxl.fullstackjava.service.PostService - Post with ID=54 marked as REJECTED
2024-12-22T23:45:19.068+0100 INFO               [http-nio-8081-exec-5]         be.pxl.fullstackjava.service.PostService - Saving notification for author 'Dries': Your post with ID 54 has been rejected.
2024-12-22T23:45:19.076+0100 INFO               [org.springframework.amqp.rabbit.RabbitListenerEndpointContainer#0-1] be.pxl.fullstackjava.service.PostService - Post with ID=54 updated successfully after review event
2024-12-22T23:45:19.078+0100 INFO               [http-nio-8081-exec-5]         be.pxl.fullstackjava.service.PostService - Notification saved successfully for author 'Dries'
2024-12-22T23:45:19.155+0100 INFO               [http-nio-8081-exec-6]         be.pxl.fullstackjava.service.PostService - Fetching all approved and pending posts
2024-12-22T23:45:21.562+0100 INFO               [http-nio-8081-exec-7]         be.pxl.fullstackjava.service.PostService - Fetching all rejected posts
2024-12-22T23:45:26.277+0100 INFO               [http-nio-8081-exec-8]         be.pxl.fullstackjava.service.PostService - Fetching all approved and pending posts
2024-12-22T23:45:28.328+0100 INFO               [http-nio-8081-exec-9]         be.pxl.fullstackjava.service.PostService - Fetching all rejected posts
2024-12-22T23:45:28.772+0100 INFO               [http-nio-8081-exec-10]        be.pxl.fullstackjava.service.PostService - Fetching post with ID=54
2024-12-22T23:45:31.700+0100 INFO               [http-nio-8081-exec-2]         be.pxl.fullstackjava.service.PostService - Updating post with ID=54
2024-12-22T23:45:31.724+0100 INFO               [http-nio-8081-exec-2]         be.pxl.fullstackjava.service.PostService - Post with ID=54 updated successfully
2024-12-22T23:45:35.223+0100 INFO               [http-nio-8081-exec-3]         be.pxl.fullstackjava.service.PostService - Fetching all approved and pending posts
2024-12-22T23:45:40.001+0100 INFO               [http-nio-8081-exec-4]         be.pxl.fullstackjava.service.PostService - Fetching all approved and pending posts
2024-12-22T23:45:44.923+0100 INFO               [org.springframework.amqp.rabbit.RabbitListenerEndpointContainer#0-1] be.pxl.fullstackjava.service.PostService - Received review event for postId=54 with approval=false
2024-12-22T23:45:44.930+0100 INFO               [org.springframework.amqp.rabbit.RabbitListenerEndpointContainer#0-1] be.pxl.fullstackjava.service.PostService - Post with ID=54 marked as REJECTED
2024-12-22T23:45:44.936+0100 INFO               [http-nio-8081-exec-7]         be.pxl.fullstackjava.service.PostService - Saving notification for author 'Dries': Your post with ID 54 has been rejected.
2024-12-22T23:45:44.940+0100 INFO               [org.springframework.amqp.rabbit.RabbitListenerEndpointContainer#0-1] be.pxl.fullstackjava.service.PostService - Post with ID=54 updated successfully after review event
2024-12-22T23:45:44.945+0100 INFO               [http-nio-8081-exec-7]         be.pxl.fullstackjava.service.PostService - Notification saved successfully for author 'Dries'
2024-12-22T23:45:45.022+0100 INFO               [http-nio-8081-exec-8]         be.pxl.fullstackjava.service.PostService - Fetching all approved and pending posts
2024-12-22T23:45:46.204+0100 INFO               [http-nio-8081-exec-9]         be.pxl.fullstackjava.service.PostService - Fetching all rejected posts
2024-12-22T23:46:43.230+0100 INFO               [http-nio-8081-exec-10]        be.pxl.fullstackjava.service.PostService - Post created successfully with ID=55
2024-12-22T23:46:46.417+0100 INFO               [http-nio-8081-exec-3]         be.pxl.fullstackjava.service.PostService - Fetching all non-draft posts
2024-12-22T23:46:53.674+0100 INFO               [org.springframework.amqp.rabbit.RabbitListenerEndpointContainer#0-1] be.pxl.fullstackjava.service.PostService - Received review event for postId=55 with approval=false
2024-12-22T23:46:53.681+0100 INFO               [org.springframework.amqp.rabbit.RabbitListenerEndpointContainer#0-1] be.pxl.fullstackjava.service.PostService - Post with ID=55 marked as REJECTED
2024-12-22T23:46:53.687+0100 INFO               [http-nio-8081-exec-6]         be.pxl.fullstackjava.service.PostService - Saving notification for author 'null': Your post with ID 55 has been rejected.
2024-12-22T23:46:53.692+0100 INFO               [org.springframework.amqp.rabbit.RabbitListenerEndpointContainer#0-1] be.pxl.fullstackjava.service.PostService - Post with ID=55 updated successfully after review event
2024-12-22T23:46:53.693+0100 INFO               [http-nio-8081-exec-6]         be.pxl.fullstackjava.service.PostService - Notification saved successfully for author 'null'
2024-12-22T23:47:03.981+0100 INFO               [http-nio-8081-exec-7]         be.pxl.fullstackjava.service.PostService - Fetching all rejected posts
2024-12-22T23:47:04.189+0100 INFO               [http-nio-8081-exec-8]         be.pxl.fullstackjava.service.PostService - Fetching all rejected posts
2024-12-22T23:47:57.150+0100 INFO               [http-nio-8081-exec-1]         be.pxl.fullstackjava.service.PostService - Post created successfully with ID=56
2024-12-22T23:47:58.304+0100 INFO               [http-nio-8081-exec-2]         be.pxl.fullstackjava.service.PostService - Fetching all approved and pending posts
2024-12-22T23:48:01.663+0100 INFO               [http-nio-8081-exec-3]         be.pxl.fullstackjava.service.PostService - Fetching all approved and pending posts
2024-12-22T23:48:06.505+0100 INFO               [http-nio-8081-exec-4]         be.pxl.fullstackjava.service.PostService - Fetching all approved and pending posts
2024-12-22T23:48:13.092+0100 INFO               [org.springframework.amqp.rabbit.RabbitListenerEndpointContainer#0-1] be.pxl.fullstackjava.service.PostService - Received review event for postId=56 with approval=false
2024-12-22T23:48:13.096+0100 INFO               [org.springframework.amqp.rabbit.RabbitListenerEndpointContainer#0-1] be.pxl.fullstackjava.service.PostService - Post with ID=56 marked as REJECTED
2024-12-22T23:48:13.104+0100 INFO               [http-nio-8081-exec-7]         be.pxl.fullstackjava.service.PostService - Saving notification for author 'Efe': Your post with ID 56 has been rejected.
2024-12-22T23:48:13.105+0100 INFO               [org.springframework.amqp.rabbit.RabbitListenerEndpointContainer#0-1] be.pxl.fullstackjava.service.PostService - Post with ID=56 updated successfully after review event
2024-12-22T23:48:13.111+0100 INFO               [http-nio-8081-exec-7]         be.pxl.fullstackjava.service.PostService - Notification saved successfully for author 'Efe'
2024-12-22T23:48:13.177+0100 INFO               [http-nio-8081-exec-8]         be.pxl.fullstackjava.service.PostService - Fetching all approved and pending posts
2024-12-22T23:48:17.145+0100 INFO               [http-nio-8081-exec-9]         be.pxl.fullstackjava.service.PostService - Fetching all rejected posts
2024-12-22T23:48:22.950+0100 INFO               [http-nio-8081-exec-10]        be.pxl.fullstackjava.service.PostService - Fetching all approved and pending posts
2024-12-22T23:48:24.177+0100 INFO               [http-nio-8081-exec-1]         be.pxl.fullstackjava.service.PostService - Fetching all rejected posts
2024-12-22T23:48:25.319+0100 INFO               [http-nio-8081-exec-2]         be.pxl.fullstackjava.service.PostService - Fetching post with ID=56
2024-12-22T23:48:29.298+0100 INFO               [http-nio-8081-exec-4]         be.pxl.fullstackjava.service.PostService - Updating post with ID=56
2024-12-22T23:48:29.319+0100 INFO               [http-nio-8081-exec-4]         be.pxl.fullstackjava.service.PostService - Post with ID=56 updated successfully
2024-12-22T23:48:30.835+0100 INFO               [http-nio-8081-exec-5]         be.pxl.fullstackjava.service.PostService - Fetching all approved and pending posts
2024-12-22T23:48:35.345+0100 INFO               [http-nio-8081-exec-6]         be.pxl.fullstackjava.service.PostService - Fetching all approved and pending posts
2024-12-22T23:48:36.105+0100 INFO               [http-nio-8081-exec-7]         be.pxl.fullstackjava.service.PostService - Fetching post with ID=56
2024-12-22T23:48:36.523+0100 INFO               [http-nio-8081-exec-8]         be.pxl.fullstackjava.service.PostService - Fetching post with ID=56
2024-12-22T23:49:17.942+0100 INFO               [org.springframework.amqp.rabbit.RabbitListenerEndpointContainer#0-1] be.pxl.fullstackjava.service.PostService - Received review event for postId=56 with approval=false
2024-12-22T23:49:17.953+0100 INFO               [org.springframework.amqp.rabbit.RabbitListenerEndpointContainer#0-1] be.pxl.fullstackjava.service.PostService - Post with ID=56 marked as REJECTED
2024-12-22T23:49:17.962+0100 INFO               [org.springframework.amqp.rabbit.RabbitListenerEndpointContainer#0-1] be.pxl.fullstackjava.service.PostService - Post with ID=56 updated successfully after review event
2024-12-22T23:49:20.024+0100 INFO               [http-nio-8081-exec-1]         be.pxl.fullstackjava.service.PostService - Saving notification for author 'Efe': Your post with ID 56 has been rejected.
2024-12-22T23:49:20.032+0100 INFO               [http-nio-8081-exec-1]         be.pxl.fullstackjava.service.PostService - Notification saved successfully for author 'Efe'
2024-12-22T23:49:37.695+0100 INFO               [http-nio-8081-exec-3]         be.pxl.fullstackjava.service.PostService - Fetching all approved and pending posts
2024-12-22T23:53:26.506+0100 INFO               [http-nio-8081-exec-6]         be.pxl.fullstackjava.service.PostService - Fetching all approved and pending posts
2024-12-22T23:53:34.183+0100 INFO               [http-nio-8081-exec-7]         be.pxl.fullstackjava.service.PostService - Post created successfully with ID=57
2024-12-22T23:53:35.207+0100 INFO               [http-nio-8081-exec-8]         be.pxl.fullstackjava.service.PostService - Fetching all approved and pending posts
2024-12-22T23:53:39.777+0100 INFO               [http-nio-8081-exec-9]         be.pxl.fullstackjava.service.PostService - Fetching all approved and pending posts
2024-12-22T23:53:43.967+0100 INFO               [http-nio-8081-exec-10]        be.pxl.fullstackjava.service.PostService - Fetching all approved and pending posts
2024-12-22T23:53:47.543+0100 INFO               [org.springframework.amqp.rabbit.RabbitListenerEndpointContainer#0-1] be.pxl.fullstackjava.service.PostService - Received review event for postId=57 with approval=false
2024-12-22T23:53:47.547+0100 INFO               [org.springframework.amqp.rabbit.RabbitListenerEndpointContainer#0-1] be.pxl.fullstackjava.service.PostService - Post with ID=57 marked as REJECTED
2024-12-22T23:53:47.553+0100 INFO               [http-nio-8081-exec-3]         be.pxl.fullstackjava.service.PostService - Saving notification for author 'Dries': Your post with ID 57 has been rejected.
2024-12-22T23:53:47.555+0100 INFO               [org.springframework.amqp.rabbit.RabbitListenerEndpointContainer#0-1] be.pxl.fullstackjava.service.PostService - Post with ID=57 updated successfully after review event
2024-12-22T23:53:47.559+0100 INFO               [http-nio-8081-exec-3]         be.pxl.fullstackjava.service.PostService - Notification saved successfully for author 'Dries'
2024-12-22T23:53:47.629+0100 INFO               [http-nio-8081-exec-4]         be.pxl.fullstackjava.service.PostService - Fetching all approved and pending posts
2024-12-22T23:53:50.102+0100 INFO               [http-nio-8081-exec-5]         be.pxl.fullstackjava.service.PostService - Fetching all rejected posts
2024-12-22T23:53:56.543+0100 INFO               [http-nio-8081-exec-6]         be.pxl.fullstackjava.service.PostService - Fetching all approved and pending posts
2024-12-22T23:53:57.990+0100 INFO               [http-nio-8081-exec-7]         be.pxl.fullstackjava.service.PostService - Fetching all rejected posts
2024-12-22T23:53:58.931+0100 INFO               [http-nio-8081-exec-8]         be.pxl.fullstackjava.service.PostService - Fetching post with ID=57
2024-12-22T23:54:02.514+0100 INFO               [http-nio-8081-exec-10]        be.pxl.fullstackjava.service.PostService - Updating post with ID=57
2024-12-22T23:54:02.532+0100 INFO               [http-nio-8081-exec-10]        be.pxl.fullstackjava.service.PostService - Post with ID=57 updated successfully
2024-12-22T23:54:04.227+0100 INFO               [http-nio-8081-exec-1]         be.pxl.fullstackjava.service.PostService - Fetching all approved and pending posts
2024-12-22T23:54:10.393+0100 INFO               [http-nio-8081-exec-2]         be.pxl.fullstackjava.service.PostService - Fetching all approved and pending posts
2024-12-22T23:54:16.321+0100 INFO               [http-nio-8081-exec-4]         be.pxl.fullstackjava.service.PostService - Fetching all approved and pending posts
2024-12-22T23:55:03.955+0100 INFO               [http-nio-8081-exec-6]         be.pxl.fullstackjava.service.PostService - Fetching all approved and pending posts
2024-12-22T23:55:08.379+0100 INFO               [org.springframework.amqp.rabbit.RabbitListenerEndpointContainer#0-1] be.pxl.fullstackjava.service.PostService - Received review event for postId=57 with approval=false
2024-12-22T23:55:08.382+0100 INFO               [org.springframework.amqp.rabbit.RabbitListenerEndpointContainer#0-1] be.pxl.fullstackjava.service.PostService - Post with ID=57 marked as REJECTED
2024-12-22T23:55:08.386+0100 INFO               [http-nio-8081-exec-9]         be.pxl.fullstackjava.service.PostService - Saving notification for author 'Dries': Your post with ID 57 has been rejected.
2024-12-22T23:55:08.387+0100 INFO               [org.springframework.amqp.rabbit.RabbitListenerEndpointContainer#0-1] be.pxl.fullstackjava.service.PostService - Post with ID=57 updated successfully after review event
2024-12-22T23:55:08.391+0100 INFO               [http-nio-8081-exec-9]         be.pxl.fullstackjava.service.PostService - Notification saved successfully for author 'Dries'
2024-12-22T23:55:08.460+0100 INFO               [http-nio-8081-exec-10]        be.pxl.fullstackjava.service.PostService - Fetching all approved and pending posts
2024-12-22T23:55:12.557+0100 INFO               [http-nio-8081-exec-1]         be.pxl.fullstackjava.service.PostService - Fetching all rejected posts
2024-12-22T23:55:38.690+0100 INFO               [http-nio-8081-exec-2]         be.pxl.fullstackjava.service.PostService - Post created successfully with ID=58
2024-12-22T23:55:39.823+0100 INFO               [http-nio-8081-exec-3]         be.pxl.fullstackjava.service.PostService - Fetching all approved and pending posts
2024-12-22T23:55:48.916+0100 INFO               [http-nio-8081-exec-4]         be.pxl.fullstackjava.service.PostService - Fetching all approved and pending posts
2024-12-22T23:55:52.077+0100 INFO               [org.springframework.amqp.rabbit.RabbitListenerEndpointContainer#0-1] be.pxl.fullstackjava.service.PostService - Received review event for postId=58 with approval=false
2024-12-22T23:55:52.084+0100 INFO               [org.springframework.amqp.rabbit.RabbitListenerEndpointContainer#0-1] be.pxl.fullstackjava.service.PostService - Post with ID=58 marked as REJECTED
2024-12-22T23:55:52.089+0100 INFO               [http-nio-8081-exec-7]         be.pxl.fullstackjava.service.PostService - Saving notification for author 'Efe': Your post with ID 58 has been rejected.
2024-12-22T23:55:52.094+0100 INFO               [org.springframework.amqp.rabbit.RabbitListenerEndpointContainer#0-1] be.pxl.fullstackjava.service.PostService - Post with ID=58 updated successfully after review event
2024-12-22T23:55:52.097+0100 INFO               [http-nio-8081-exec-7]         be.pxl.fullstackjava.service.PostService - Notification saved successfully for author 'Efe'
2024-12-22T23:55:52.174+0100 INFO               [http-nio-8081-exec-8]         be.pxl.fullstackjava.service.PostService - Fetching all approved and pending posts
2024-12-22T23:55:53.547+0100 INFO               [http-nio-8081-exec-9]         be.pxl.fullstackjava.service.PostService - Fetching all rejected posts
2024-12-22T23:55:58.611+0100 INFO               [http-nio-8081-exec-10]        be.pxl.fullstackjava.service.PostService - Fetching all approved and pending posts
2024-12-22T23:55:59.978+0100 INFO               [http-nio-8081-exec-1]         be.pxl.fullstackjava.service.PostService - Fetching all rejected posts
2024-12-22T23:56:01.010+0100 INFO               [http-nio-8081-exec-2]         be.pxl.fullstackjava.service.PostService - Fetching post with ID=58
2024-12-22T23:56:04.294+0100 INFO               [http-nio-8081-exec-4]         be.pxl.fullstackjava.service.PostService - Updating post with ID=58
2024-12-22T23:56:04.312+0100 INFO               [http-nio-8081-exec-4]         be.pxl.fullstackjava.service.PostService - Post with ID=58 updated successfully
2024-12-22T23:56:06.195+0100 INFO               [http-nio-8081-exec-5]         be.pxl.fullstackjava.service.PostService - Fetching all approved and pending posts
2024-12-22T23:56:11.210+0100 INFO               [http-nio-8081-exec-6]         be.pxl.fullstackjava.service.PostService - Fetching all approved and pending posts
2024-12-22T23:56:16.552+0100 INFO               [org.springframework.amqp.rabbit.RabbitListenerEndpointContainer#0-1] be.pxl.fullstackjava.service.PostService - Received review event for postId=58 with approval=false
2024-12-22T23:56:16.555+0100 INFO               [org.springframework.amqp.rabbit.RabbitListenerEndpointContainer#0-1] be.pxl.fullstackjava.service.PostService - Post with ID=58 marked as REJECTED
2024-12-22T23:56:16.559+0100 INFO               [http-nio-8081-exec-9]         be.pxl.fullstackjava.service.PostService - Saving notification for author 'Efe': Your post with ID 58 has been rejected.
2024-12-22T23:56:16.562+0100 INFO               [org.springframework.amqp.rabbit.RabbitListenerEndpointContainer#0-1] be.pxl.fullstackjava.service.PostService - Post with ID=58 updated successfully after review event
2024-12-22T23:56:16.564+0100 INFO               [http-nio-8081-exec-9]         be.pxl.fullstackjava.service.PostService - Notification saved successfully for author 'Efe'
2024-12-22T23:56:16.641+0100 INFO               [http-nio-8081-exec-10]        be.pxl.fullstackjava.service.PostService - Fetching all approved and pending posts
2024-12-22T23:56:19.926+0100 INFO               [http-nio-8081-exec-1]         be.pxl.fullstackjava.service.PostService - Fetching all approved and pending posts
2024-12-22T23:56:20.690+0100 INFO               [http-nio-8081-exec-2]         be.pxl.fullstackjava.service.PostService - Fetching all rejected posts
2024-12-22T23:56:23.017+0100 INFO               [http-nio-8081-exec-3]         be.pxl.fullstackjava.service.PostService - Fetching post with ID=58
2024-12-22T23:56:25.953+0100 INFO               [http-nio-8081-exec-4]         be.pxl.fullstackjava.service.PostService - Updating post with ID=58
2024-12-22T23:56:25.964+0100 INFO               [http-nio-8081-exec-4]         be.pxl.fullstackjava.service.PostService - Post with ID=58 updated successfully
2024-12-22T23:56:27.824+0100 INFO               [http-nio-8081-exec-5]         be.pxl.fullstackjava.service.PostService - Fetching all approved and pending posts
2024-12-22T23:56:31.992+0100 INFO               [http-nio-8081-exec-6]         be.pxl.fullstackjava.service.PostService - Fetching all approved and pending posts
2024-12-22T23:56:32.748+0100 INFO               [org.springframework.amqp.rabbit.RabbitListenerEndpointContainer#0-1] be.pxl.fullstackjava.service.PostService - Received review event for postId=58 with approval=true
2024-12-22T23:56:32.755+0100 INFO               [org.springframework.amqp.rabbit.RabbitListenerEndpointContainer#0-1] be.pxl.fullstackjava.service.PostService - Post with ID=58 marked as APPROVED
2024-12-22T23:56:32.763+0100 INFO               [http-nio-8081-exec-9]         be.pxl.fullstackjava.service.PostService - Saving notification for author 'Efe': Your post with ID 58 has been approved.
2024-12-22T23:56:32.765+0100 INFO               [org.springframework.amqp.rabbit.RabbitListenerEndpointContainer#0-1] be.pxl.fullstackjava.service.PostService - Post with ID=58 updated successfully after review event
2024-12-22T23:56:32.771+0100 INFO               [http-nio-8081-exec-9]         be.pxl.fullstackjava.service.PostService - Notification saved successfully for author 'Efe'
2024-12-22T23:56:32.852+0100 INFO               [http-nio-8081-exec-10]        be.pxl.fullstackjava.service.PostService - Fetching all approved and pending posts
2024-12-22T23:56:34.467+0100 INFO               [http-nio-8081-exec-1]         be.pxl.fullstackjava.service.PostService - Fetching all approved and pending posts
2024-12-22T23:56:34.768+0100 INFO               [http-nio-8081-exec-2]         be.pxl.fullstackjava.service.PostService - Fetching all approved and pending posts
2024-12-22T23:56:39.164+0100 INFO               [http-nio-8081-exec-3]         be.pxl.fullstackjava.service.PostService - Fetching all approved posts
2024-12-22T23:56:41.991+0100 INFO               [http-nio-8081-exec-4]         be.pxl.fullstackjava.service.PostService - Fetching post with ID=58
2024-12-22T23:56:46.687+0100 INFO               [http-nio-8081-exec-5]         be.pxl.fullstackjava.service.PostService - Fetching post with ID=58
2024-12-22T23:56:52.452+0100 INFO               [http-nio-8081-exec-6]         be.pxl.fullstackjava.service.PostService - Fetching post with ID=58
2024-12-22T23:56:56.367+0100 INFO               [http-nio-8081-exec-7]         be.pxl.fullstackjava.service.PostService - Fetching post with ID=58
2024-12-22T23:57:00.241+0100 INFO               [http-nio-8081-exec-8]         be.pxl.fullstackjava.service.PostService - Fetching post with ID=58
2024-12-22T23:57:02.859+0100 INFO               [http-nio-8081-exec-9]         be.pxl.fullstackjava.service.PostService - Fetching post with ID=58
2024-12-22T23:57:04.174+0100 INFO               [http-nio-8081-exec-10]        be.pxl.fullstackjava.service.PostService - Fetching post with ID=58
2024-12-22T23:57:05.221+0100 INFO               [http-nio-8081-exec-1]         be.pxl.fullstackjava.service.PostService - Fetching post with ID=58
2024-12-22T23:57:06.275+0100 INFO               [http-nio-8081-exec-2]         be.pxl.fullstackjava.service.PostService - Fetching post with ID=58
2024-12-22T23:57:08.369+0100 INFO               [http-nio-8081-exec-3]         be.pxl.fullstackjava.service.PostService - Fetching post with ID=58
2024-12-22T23:57:10.614+0100 INFO               [http-nio-8081-exec-4]         be.pxl.fullstackjava.service.PostService - Fetching post with ID=58
2024-12-22T23:57:14.573+0100 INFO               [http-nio-8081-exec-5]         be.pxl.fullstackjava.service.PostService - Fetching post with ID=58
2024-12-22T23:57:18.408+0100 INFO               [http-nio-8081-exec-6]         be.pxl.fullstackjava.service.PostService - Fetching post with ID=58
2024-12-22T23:57:20.253+0100 INFO               [http-nio-8081-exec-7]         be.pxl.fullstackjava.service.PostService - Fetching post with ID=58
2024-12-22T23:57:22.492+0100 INFO               [http-nio-8081-exec-8]         be.pxl.fullstackjava.service.PostService - Fetching post with ID=58
2024-12-22T23:57:23.957+0100 INFO               [http-nio-8081-exec-9]         be.pxl.fullstackjava.service.PostService - Fetching post with ID=58
2024-12-22T23:57:27.556+0100 INFO               [http-nio-8081-exec-10]        be.pxl.fullstackjava.service.PostService - Fetching all approved posts
2024-12-22T23:57:48.499+0100 INFO               [http-nio-8081-exec-2]         be.pxl.fullstackjava.service.PostService - Fetching post with ID=58
2024-12-22T23:57:49.771+0100 INFO               [http-nio-8081-exec-3]         be.pxl.fullstackjava.service.PostService - Fetching all approved posts
2024-12-22T23:57:50.287+0100 INFO               [http-nio-8081-exec-4]         be.pxl.fullstackjava.service.PostService - Fetching post with ID=2
2024-12-22T23:57:51.082+0100 INFO               [http-nio-8081-exec-5]         be.pxl.fullstackjava.service.PostService - Fetching all approved posts
2024-12-22T23:57:51.551+0100 INFO               [http-nio-8081-exec-6]         be.pxl.fullstackjava.service.PostService - Fetching post with ID=1
2024-12-22T23:58:01.609+0100 INFO               [http-nio-8081-exec-7]         be.pxl.fullstackjava.service.PostService - Fetching all approved and pending posts
