2025-01-15T01:30:34.152+0100 INFO               [main]                         be.pxl.fullstackjava.ReviewServiceApplication - Starting ReviewServiceApplication using Java 21.0.1 with PID 62671 (/Users/efedogru/Desktop/project-EfeDogruPXL/backend-java/review-service/target/classes started by efedogru in /Users/efedogru/Desktop/project-EfeDogruPXL/backend-java)
2025-01-15T01:30:34.155+0100 DEBUG              [main]                         be.pxl.fullstackjava.ReviewServiceApplication - Running with Spring Boot v3.3.5, Spring v6.1.14
2025-01-15T01:30:34.155+0100 INFO               [main]                         be.pxl.fullstackjava.ReviewServiceApplication - No active profile set, falling back to 1 default profile: "default"
2025-01-15T01:30:36.092+0100 INFO               [main]                         be.pxl.fullstackjava.ReviewServiceApplication - Started ReviewServiceApplication in 2.334 seconds (process running for 2.627)
2025-01-15T01:31:53.662+0100 INFO               [http-nio-8082-exec-1]         be.pxl.fullstackjava.service.ReviewService - Creating review for postId=1 by author=Thijs
2025-01-15T01:31:53.809+0100 INFO               [http-nio-8082-exec-1]         be.pxl.fullstackjava.service.ReviewService - Review saved successfully for postId=1
2025-01-15T01:31:53.853+0100 INFO               [http-nio-8082-exec-1]         be.pxl.fullstackjava.service.ReviewService - Review event sent to queue: ReviewEvent(postId=1, isApproved=false)
2025-01-15T01:31:53.853+0100 INFO               [http-nio-8082-exec-1]         be.pxl.fullstackjava.service.ReviewService - Sending notification for postId=1
2025-01-15T01:31:53.879+0100 INFO               [http-nio-8082-exec-1]         be.pxl.fullstackjava.service.ReviewService - Notification sent to author 'Koen' for postId=1
2025-01-15T01:31:53.879+0100 INFO               [http-nio-8082-exec-1]         be.pxl.fullstackjava.controller.ReviewController - Review created by user=Thijs, role=editor for postId=1
2025-01-15T01:31:55.461+0100 INFO               [http-nio-8082-exec-2]         be.pxl.fullstackjava.controller.ReviewController - Review found for postId=1, returning response
2025-01-15T01:31:55.462+0100 INFO               [http-nio-8082-exec-2]         be.pxl.fullstackjava.service.ReviewService - Fetching review for postId=1
2025-01-15T01:31:55.469+0100 DEBUG              [http-nio-8082-exec-2]         be.pxl.fullstackjava.service.ReviewService - Review found for postId=1: Review(id=1, content=Bad, author=Thijs, postId=1, createdAt=2025-01-15T01:31:53.777531, isApproved=false)
2025-01-15T01:32:05.932+0100 INFO               [http-nio-8082-exec-3]         be.pxl.fullstackjava.controller.ReviewController - Review found for postId=1, returning response
2025-01-15T01:32:05.934+0100 INFO               [http-nio-8082-exec-3]         be.pxl.fullstackjava.service.ReviewService - Fetching review for postId=1
2025-01-15T01:32:05.954+0100 DEBUG              [http-nio-8082-exec-3]         be.pxl.fullstackjava.service.ReviewService - Review found for postId=1: Review(id=1, content=Bad, author=Thijs, postId=1, createdAt=2025-01-15T01:31:53.777531, isApproved=false)
2025-01-15T01:32:07.133+0100 INFO               [http-nio-8082-exec-4]         be.pxl.fullstackjava.controller.ReviewController - Review found for postId=1, returning response
2025-01-15T01:32:07.134+0100 INFO               [http-nio-8082-exec-4]         be.pxl.fullstackjava.service.ReviewService - Fetching review for postId=1
2025-01-15T01:32:07.142+0100 DEBUG              [http-nio-8082-exec-4]         be.pxl.fullstackjava.service.ReviewService - Review found for postId=1: Review(id=1, content=Bad, author=Thijs, postId=1, createdAt=2025-01-15T01:31:53.777531, isApproved=false)
2025-01-15T01:32:23.897+0100 INFO               [http-nio-8082-exec-5]         be.pxl.fullstackjava.service.ReviewService - Creating review for postId=1 by author=Thijs
2025-01-15T01:32:23.917+0100 WARN               [http-nio-8082-exec-5]         be.pxl.fullstackjava.service.ReviewService - Review already exists for postId=1
2025-01-15T01:32:23.918+0100 INFO               [http-nio-8082-exec-5]         be.pxl.fullstackjava.service.ReviewService - Deleting review for postId=1
2025-01-15T01:32:23.940+0100 INFO               [http-nio-8082-exec-5]         be.pxl.fullstackjava.service.ReviewService - Review deleted successfully for postId=1
2025-01-15T01:32:23.954+0100 INFO               [http-nio-8082-exec-5]         be.pxl.fullstackjava.service.ReviewService - Review saved successfully for postId=1
2025-01-15T01:32:23.955+0100 INFO               [http-nio-8082-exec-5]         be.pxl.fullstackjava.service.ReviewService - Review event sent to queue: ReviewEvent(postId=1, isApproved=true)
2025-01-15T01:32:23.955+0100 INFO               [http-nio-8082-exec-5]         be.pxl.fullstackjava.service.ReviewService - Sending notification for postId=1
2025-01-15T01:32:23.976+0100 INFO               [http-nio-8082-exec-5]         be.pxl.fullstackjava.service.ReviewService - Notification sent to author 'Koen' for postId=1
2025-01-15T01:32:23.976+0100 INFO               [http-nio-8082-exec-5]         be.pxl.fullstackjava.controller.ReviewController - Review created by user=Thijs, role=editor for postId=1
2025-01-15T01:32:56.801+0100 INFO               [http-nio-8082-exec-6]         be.pxl.fullstackjava.service.ReviewService - Creating review for postId=2 by author=Koen
2025-01-15T01:32:56.834+0100 INFO               [http-nio-8082-exec-6]         be.pxl.fullstackjava.service.ReviewService - Review saved successfully for postId=2
2025-01-15T01:32:56.835+0100 INFO               [http-nio-8082-exec-6]         be.pxl.fullstackjava.service.ReviewService - Review event sent to queue: ReviewEvent(postId=2, isApproved=true)
2025-01-15T01:32:56.835+0100 INFO               [http-nio-8082-exec-6]         be.pxl.fullstackjava.service.ReviewService - Sending notification for postId=2
2025-01-15T01:32:56.850+0100 INFO               [http-nio-8082-exec-6]         be.pxl.fullstackjava.service.ReviewService - Notification sent to author 'Thijs' for postId=2
2025-01-15T01:32:56.851+0100 INFO               [http-nio-8082-exec-6]         be.pxl.fullstackjava.controller.ReviewController - Review created by user=Koen, role=editor for postId=2
2025-01-15T01:59:16.004+0100 INFO               [main]                         be.pxl.fullstackjava.ReviewServiceApplication - Starting ReviewServiceApplication using Java 21.0.1 with PID 89933 (/Users/efedogru/Desktop/project-EfeDogruPXL/backend-java/review-service/target/classes started by efedogru in /Users/efedogru/Desktop/project-EfeDogruPXL/backend-java)
2025-01-15T01:59:16.004+0100 DEBUG              [main]                         be.pxl.fullstackjava.ReviewServiceApplication - Running with Spring Boot v3.3.5, Spring v6.1.14
2025-01-15T01:59:16.005+0100 INFO               [main]                         be.pxl.fullstackjava.ReviewServiceApplication - No active profile set, falling back to 1 default profile: "default"
2025-01-15T01:59:17.813+0100 INFO               [main]                         be.pxl.fullstackjava.ReviewServiceApplication - Started ReviewServiceApplication in 2.226 seconds (process running for 2.515)
2025-01-15T02:06:02.441+0100 INFO               [main]                         be.pxl.fullstackjava.ReviewServiceApplication - Starting ReviewServiceApplication using Java 21.0.1 with PID 96486 (/Users/efedogru/Desktop/project-EfeDogruPXL/backend-java/review-service/target/classes started by efedogru in /Users/efedogru/Desktop/project-EfeDogruPXL/backend-java)
2025-01-15T02:06:02.443+0100 DEBUG              [main]                         be.pxl.fullstackjava.ReviewServiceApplication - Running with Spring Boot v3.3.5, Spring v6.1.14
2025-01-15T02:06:02.444+0100 INFO               [main]                         be.pxl.fullstackjava.ReviewServiceApplication - No active profile set, falling back to 1 default profile: "default"
2025-01-15T02:06:04.864+0100 INFO               [main]                         be.pxl.fullstackjava.ReviewServiceApplication - Started ReviewServiceApplication in 2.903 seconds (process running for 3.288)
